{"C:\\Users\\ofek1\\Downloads\\tdp-2025-homework\\popcorn_palace_typescript\\backend\\src\\app.controller.ts": {"path":"C:\\Users\\ofek1\\Downloads\\tdp-2025-homework\\popcorn_palace_typescript\\backend\\src\\app.controller.ts","statementMap":{"0":{"start":{"line":1,"column":0},"end":{"line":1,"column":49}},"1":{"start":{"line":2,"column":0},"end":{"line":2,"column":43}},"2":{"start":{"line":5,"column":7},"end":{"line":12,"column":null}},"3":{"start":{"line":6,"column":31},"end":{"line":6,"column":43}},"4":{"start":{"line":10,"column":4},"end":{"line":10,"column":38}},"5":{"start":{"line":5,"column":13},"end":{"line":5,"column":26}},"6":{"start":{"line":9,"column":2},"end":{"line":11,"column":null}},"7":{"start":{"line":5,"column":13},"end":{"line":12,"column":null}}},"fnMap":{"0":{"name":"(anonymous_2)","decl":{"start":{"line":6,"column":2},"end":{"line":6,"column":31}},"loc":{"start":{"line":6,"column":53},"end":{"line":6,"column":57}}},"1":{"name":"(anonymous_3)","decl":{"start":{"line":9,"column":2},"end":{"line":9,"column":10}},"loc":{"start":{"line":9,"column":10},"end":{"line":11,"column":3}}}},"branchMap":{},"s":{"0":3,"1":3,"2":3,"3":2,"4":1,"5":3,"6":3,"7":3},"f":{"0":2,"1":1},"b":{}}
,"C:\\Users\\ofek1\\Downloads\\tdp-2025-homework\\popcorn_palace_typescript\\backend\\src\\app.module.ts": {"path":"C:\\Users\\ofek1\\Downloads\\tdp-2025-homework\\popcorn_palace_typescript\\backend\\src\\app.module.ts","statementMap":{"0":{"start":{"line":1,"column":0},"end":{"line":1,"column":40}},"1":{"start":{"line":2,"column":0},"end":{"line":2,"column":48}},"2":{"start":{"line":3,"column":0},"end":{"line":3,"column":49}},"3":{"start":{"line":4,"column":0},"end":{"line":4,"column":43}},"4":{"start":{"line":5,"column":0},"end":{"line":5,"column":54}},"5":{"start":{"line":6,"column":0},"end":{"line":6,"column":63}},"6":{"start":{"line":7,"column":0},"end":{"line":7,"column":55}},"7":{"start":{"line":8,"column":0},"end":{"line":8,"column":46}},"8":{"start":{"line":9,"column":0},"end":{"line":9,"column":60}},"9":{"start":{"line":32,"column":7},"end":{"line":32,"column":null}},"10":{"start":{"line":32,"column":13},"end":{"line":32,"column":22}},"11":{"start":{"line":32,"column":13},"end":{"line":32,"column":null}}},"fnMap":{},"branchMap":{},"s":{"0":2,"1":2,"2":2,"3":2,"4":2,"5":2,"6":2,"7":2,"8":2,"9":2,"10":2,"11":2},"f":{},"b":{}}
,"C:\\Users\\ofek1\\Downloads\\tdp-2025-homework\\popcorn_palace_typescript\\backend\\src\\app.service.ts": {"path":"C:\\Users\\ofek1\\Downloads\\tdp-2025-homework\\popcorn_palace_typescript\\backend\\src\\app.service.ts","statementMap":{"0":{"start":{"line":1,"column":0},"end":{"line":1,"column":44}},"1":{"start":{"line":4,"column":7},"end":{"line":8,"column":null}},"2":{"start":{"line":6,"column":4},"end":{"line":6,"column":26}},"3":{"start":{"line":4,"column":13},"end":{"line":4,"column":23}},"4":{"start":{"line":4,"column":13},"end":{"line":8,"column":null}}},"fnMap":{"0":{"name":"(anonymous_1)","decl":{"start":{"line":5,"column":2},"end":{"line":5,"column":10}},"loc":{"start":{"line":5,"column":10},"end":{"line":7,"column":3}}}},"branchMap":{},"s":{"0":4,"1":4,"2":2,"3":4,"4":4},"f":{"0":2},"b":{}}
,"C:\\Users\\ofek1\\Downloads\\tdp-2025-homework\\popcorn_palace_typescript\\backend\\src\\main.ts": {"path":"C:\\Users\\ofek1\\Downloads\\tdp-2025-homework\\popcorn_palace_typescript\\backend\\src\\main.ts","statementMap":{"0":{"start":{"line":1,"column":0},"end":{"line":1,"column":43}},"1":{"start":{"line":2,"column":0},"end":{"line":2,"column":41}},"2":{"start":{"line":5,"column":14},"end":{"line":5,"column":49}},"3":{"start":{"line":7,"column":2},"end":{"line":10,"column":5}},"4":{"start":{"line":12,"column":2},"end":{"line":12,"column":25}},"5":{"start":{"line":13,"column":2},"end":{"line":13,"column":64}},"6":{"start":{"line":15,"column":0},"end":{"line":15,"column":12}}},"fnMap":{"0":{"name":"bootstrap","decl":{"start":{"line":4,"column":15},"end":{"line":4,"column":24}},"loc":{"start":{"line":4,"column":24},"end":{"line":14,"column":1}}}},"branchMap":{},"s":{"0":1,"1":1,"2":1,"3":1,"4":1,"5":1,"6":1},"f":{"0":1},"b":{}}
,"C:\\Users\\ofek1\\Downloads\\tdp-2025-homework\\popcorn_palace_typescript\\backend\\src\\bookings\\booking.entity.ts": {"path":"C:\\Users\\ofek1\\Downloads\\tdp-2025-homework\\popcorn_palace_typescript\\backend\\src\\bookings\\booking.entity.ts","statementMap":{"0":{"start":{"line":1,"column":0},"end":{"line":1,"column":88}},"1":{"start":{"line":2,"column":0},"end":{"line":2,"column":56}},"2":{"start":{"line":5,"column":7},"end":{"line":21,"column":null}},"3":{"start":{"line":5,"column":13},"end":{"line":5,"column":20}},"4":{"start":{"line":7,"column":2},"end":{"line":7,"column":null}},"5":{"start":{"line":10,"column":2},"end":{"line":10,"column":null}},"6":{"start":{"line":13,"column":2},"end":{"line":13,"column":null}},"7":{"start":{"line":16,"column":2},"end":{"line":16,"column":null}},"8":{"start":{"line":20,"column":2},"end":{"line":20,"column":null}},"9":{"start":{"line":18,"column":19},"end":{"line":18,"column":27}},"10":{"start":{"line":5,"column":13},"end":{"line":21,"column":null}}},"fnMap":{"0":{"name":"(anonymous_2)","decl":{"start":{"line":18,"column":13},"end":{"line":18,"column":16}},"loc":{"start":{"line":18,"column":19},"end":{"line":18,"column":27}}}},"branchMap":{},"s":{"0":4,"1":4,"2":4,"3":4,"4":4,"5":4,"6":4,"7":4,"8":4,"9":1,"10":4},"f":{"0":1},"b":{}}
,"C:\\Users\\ofek1\\Downloads\\tdp-2025-homework\\popcorn_palace_typescript\\backend\\src\\bookings\\bookings.controller.ts": {"path":"C:\\Users\\ofek1\\Downloads\\tdp-2025-homework\\popcorn_palace_typescript\\backend\\src\\bookings\\bookings.controller.ts","statementMap":{"0":{"start":{"line":1,"column":0},"end":{"line":1,"column":77}},"1":{"start":{"line":2,"column":0},"end":{"line":2,"column":53}},"2":{"start":{"line":5,"column":7},"end":{"line":28,"column":null}},"3":{"start":{"line":6,"column":31},"end":{"line":6,"column":48}},"4":{"start":{"line":12,"column":47},"end":{"line":12,"column":51}},"5":{"start":{"line":14,"column":4},"end":{"line":16,"column":5}},"6":{"start":{"line":15,"column":6},"end":{"line":15,"column":69}},"7":{"start":{"line":18,"column":4},"end":{"line":20,"column":5}},"8":{"start":{"line":19,"column":6},"end":{"line":19,"column":84}},"9":{"start":{"line":22,"column":4},"end":{"line":24,"column":5}},"10":{"start":{"line":23,"column":6},"end":{"line":23,"column":73}},"11":{"start":{"line":26,"column":4},"end":{"line":26,"column":75}},"12":{"start":{"line":5,"column":13},"end":{"line":5,"column":31}},"13":{"start":{"line":9,"column":8},"end":{"line":27,"column":null}},"14":{"start":{"line":5,"column":13},"end":{"line":28,"column":null}}},"fnMap":{"0":{"name":"(anonymous_4)","decl":{"start":{"line":6,"column":2},"end":{"line":6,"column":31}},"loc":{"start":{"line":6,"column":63},"end":{"line":6,"column":67}}},"1":{"name":"(anonymous_5)","decl":{"start":{"line":9,"column":2},"end":{"line":9,"column":7}},"loc":{"start":{"line":10,"column":76},"end":{"line":27,"column":3}}}},"branchMap":{"0":{"loc":{"start":{"line":14,"column":4},"end":{"line":16,"column":5}},"type":"if","locations":[{"start":{"line":14,"column":4},"end":{"line":16,"column":5}}]},"1":{"loc":{"start":{"line":14,"column":8},"end":{"line":14,"column":74}},"type":"binary-expr","locations":[{"start":{"line":14,"column":8},"end":{"line":14,"column":19}},{"start":{"line":14,"column":23},"end":{"line":14,"column":53}},{"start":{"line":14,"column":57},"end":{"line":14,"column":74}}]},"2":{"loc":{"start":{"line":18,"column":4},"end":{"line":20,"column":5}},"type":"if","locations":[{"start":{"line":18,"column":4},"end":{"line":20,"column":5}}]},"3":{"loc":{"start":{"line":18,"column":8},"end":{"line":18,"column":75}},"type":"binary-expr","locations":[{"start":{"line":18,"column":8},"end":{"line":18,"column":38}},{"start":{"line":18,"column":42},"end":{"line":18,"column":56}},{"start":{"line":18,"column":60},"end":{"line":18,"column":75}}]},"4":{"loc":{"start":{"line":22,"column":4},"end":{"line":24,"column":5}},"type":"if","locations":[{"start":{"line":22,"column":4},"end":{"line":24,"column":5}}]},"5":{"loc":{"start":{"line":22,"column":8},"end":{"line":22,"column":63}},"type":"binary-expr","locations":[{"start":{"line":22,"column":8},"end":{"line":22,"column":15}},{"start":{"line":22,"column":19},"end":{"line":22,"column":45}},{"start":{"line":22,"column":49},"end":{"line":22,"column":63}}]}},"s":{"0":3,"1":3,"2":3,"3":6,"4":4,"5":4,"6":1,"7":3,"8":1,"9":2,"10":1,"11":1,"12":3,"13":3,"14":3},"f":{"0":6,"1":4},"b":{"0":[1],"1":[4,3,3],"2":[1],"3":[3,3,2],"4":[1],"5":[2,2,2]}}
,"C:\\Users\\ofek1\\Downloads\\tdp-2025-homework\\popcorn_palace_typescript\\backend\\src\\bookings\\bookings.module.ts": {"path":"C:\\Users\\ofek1\\Downloads\\tdp-2025-homework\\popcorn_palace_typescript\\backend\\src\\bookings\\bookings.module.ts","statementMap":{"0":{"start":{"line":1,"column":0},"end":{"line":1,"column":40}},"1":{"start":{"line":2,"column":0},"end":{"line":2,"column":48}},"2":{"start":{"line":3,"column":0},"end":{"line":3,"column":53}},"3":{"start":{"line":4,"column":0},"end":{"line":4,"column":43}},"4":{"start":{"line":5,"column":0},"end":{"line":5,"column":59}},"5":{"start":{"line":6,"column":0},"end":{"line":6,"column":56}},"6":{"start":{"line":13,"column":7},"end":{"line":13,"column":null}},"7":{"start":{"line":13,"column":13},"end":{"line":13,"column":27}},"8":{"start":{"line":13,"column":13},"end":{"line":13,"column":null}}},"fnMap":{},"branchMap":{},"s":{"0":2,"1":2,"2":2,"3":2,"4":2,"5":2,"6":2,"7":2,"8":2},"f":{},"b":{}}
,"C:\\Users\\ofek1\\Downloads\\tdp-2025-homework\\popcorn_palace_typescript\\backend\\src\\bookings\\bookings.service.ts": {"path":"C:\\Users\\ofek1\\Downloads\\tdp-2025-homework\\popcorn_palace_typescript\\backend\\src\\bookings\\bookings.service.ts","statementMap":{"0":{"start":{"line":1,"column":0},"end":{"line":1,"column":65}},"1":{"start":{"line":2,"column":0},"end":{"line":2,"column":51}},"2":{"start":{"line":3,"column":0},"end":{"line":3,"column":37}},"3":{"start":{"line":4,"column":0},"end":{"line":4,"column":43}},"4":{"start":{"line":5,"column":0},"end":{"line":5,"column":56}},"5":{"start":{"line":8,"column":7},"end":{"line":44,"column":null}},"6":{"start":{"line":11,"column":21},"end":{"line":11,"column":40}},"7":{"start":{"line":14,"column":21},"end":{"line":14,"column":41}},"8":{"start":{"line":18,"column":47},"end":{"line":18,"column":51}},"9":{"start":{"line":21,"column":4},"end":{"line":23,"column":5}},"10":{"start":{"line":22,"column":6},"end":{"line":22,"column":76}},"11":{"start":{"line":26,"column":21},"end":{"line":26,"column":89}},"12":{"start":{"line":27,"column":4},"end":{"line":27,"column":85}},"13":{"start":{"line":27,"column":19},"end":{"line":27,"column":85}},"14":{"start":{"line":30,"column":28},"end":{"line":32,"column":6}},"15":{"start":{"line":34,"column":4},"end":{"line":36,"column":5}},"16":{"start":{"line":35,"column":6},"end":{"line":35,"column":103}},"17":{"start":{"line":39,"column":20},"end":{"line":39,"column":85}},"18":{"start":{"line":40,"column":18},"end":{"line":40,"column":60}},"19":{"start":{"line":42,"column":4},"end":{"line":42,"column":42}},"20":{"start":{"line":8,"column":13},"end":{"line":8,"column":28}},"21":{"start":{"line":8,"column":13},"end":{"line":44,"column":null}}},"fnMap":{"0":{"name":"(anonymous_4)","decl":{"start":{"line":9,"column":2},"end":{"line":9,"column":null}},"loc":{"start":{"line":14,"column":61},"end":{"line":15,"column":6}}},"1":{"name":"(anonymous_5)","decl":{"start":{"line":17,"column":2},"end":{"line":17,"column":7}},"loc":{"start":{"line":17,"column":79},"end":{"line":43,"column":3}}}},"branchMap":{"0":{"loc":{"start":{"line":21,"column":4},"end":{"line":23,"column":5}},"type":"if","locations":[{"start":{"line":21,"column":4},"end":{"line":23,"column":5}}]},"1":{"loc":{"start":{"line":21,"column":8},"end":{"line":21,"column":41}},"type":"binary-expr","locations":[{"start":{"line":21,"column":8},"end":{"line":21,"column":22}},{"start":{"line":21,"column":26},"end":{"line":21,"column":41}}]},"2":{"loc":{"start":{"line":27,"column":4},"end":{"line":27,"column":85}},"type":"if","locations":[{"start":{"line":27,"column":4},"end":{"line":27,"column":85}}]},"3":{"loc":{"start":{"line":34,"column":4},"end":{"line":36,"column":5}},"type":"if","locations":[{"start":{"line":34,"column":4},"end":{"line":36,"column":5}}]}},"s":{"0":4,"1":4,"2":4,"3":4,"4":4,"5":4,"6":5,"7":5,"8":4,"9":4,"10":1,"11":3,"12":3,"13":1,"14":2,"15":2,"16":1,"17":1,"18":1,"19":1,"20":4,"21":4},"f":{"0":5,"1":4},"b":{"0":[1],"1":[4,4],"2":[1],"3":[1]}}
,"C:\\Users\\ofek1\\Downloads\\tdp-2025-homework\\popcorn_palace_typescript\\backend\\src\\movies\\movie.entity.ts": {"path":"C:\\Users\\ofek1\\Downloads\\tdp-2025-homework\\popcorn_palace_typescript\\backend\\src\\movies\\movie.entity.ts","statementMap":{"0":{"start":{"line":1,"column":0},"end":{"line":1,"column":65}},"1":{"start":{"line":4,"column":7},"end":{"line":22,"column":null}},"2":{"start":{"line":4,"column":13},"end":{"line":4,"column":18}},"3":{"start":{"line":6,"column":2},"end":{"line":6,"column":null}},"4":{"start":{"line":9,"column":2},"end":{"line":9,"column":null}},"5":{"start":{"line":12,"column":2},"end":{"line":12,"column":null}},"6":{"start":{"line":15,"column":2},"end":{"line":15,"column":null}},"7":{"start":{"line":18,"column":2},"end":{"line":18,"column":null}},"8":{"start":{"line":21,"column":2},"end":{"line":21,"column":null}},"9":{"start":{"line":4,"column":13},"end":{"line":22,"column":null}}},"fnMap":{},"branchMap":{},"s":{"0":8,"1":8,"2":8,"3":8,"4":8,"5":8,"6":8,"7":8,"8":8,"9":8},"f":{},"b":{}}
,"C:\\Users\\ofek1\\Downloads\\tdp-2025-homework\\popcorn_palace_typescript\\backend\\src\\movies\\movies.controller.ts": {"path":"C:\\Users\\ofek1\\Downloads\\tdp-2025-homework\\popcorn_palace_typescript\\backend\\src\\movies\\movies.controller.ts","statementMap":{"0":{"start":{"line":1,"column":0},"end":{"line":1,"column":null}},"1":{"start":{"line":12,"column":0},"end":{"line":12,"column":49}},"2":{"start":{"line":16,"column":7},"end":{"line":94,"column":null}},"3":{"start":{"line":17,"column":31},"end":{"line":17,"column":46}},"4":{"start":{"line":21,"column":4},"end":{"line":21,"column":40}},"5":{"start":{"line":26,"column":4},"end":{"line":26,"column":30}},"6":{"start":{"line":28,"column":4},"end":{"line":28,"column":44}},"7":{"start":{"line":37,"column":4},"end":{"line":37,"column":30}},"8":{"start":{"line":39,"column":21},"end":{"line":39,"column":64}},"9":{"start":{"line":40,"column":4},"end":{"line":40,"column":77}},"10":{"start":{"line":40,"column":19},"end":{"line":40,"column":77}},"11":{"start":{"line":42,"column":4},"end":{"line":42,"column":56}},"12":{"start":{"line":43,"column":4},"end":{"line":43,"column":17}},"13":{"start":{"line":48,"column":21},"end":{"line":48,"column":64}},"14":{"start":{"line":49,"column":4},"end":{"line":49,"column":77}},"15":{"start":{"line":49,"column":19},"end":{"line":49,"column":77}},"16":{"start":{"line":51,"column":4},"end":{"line":51,"column":49}},"17":{"start":{"line":56,"column":18},"end":{"line":56,"column":54}},"18":{"start":{"line":57,"column":4},"end":{"line":57,"column":81}},"19":{"start":{"line":57,"column":16},"end":{"line":57,"column":81}},"20":{"start":{"line":58,"column":4},"end":{"line":58,"column":17}},"21":{"start":{"line":61,"column":53},"end":{"line":61,"column":58}},"22":{"start":{"line":64,"column":3},"end":{"line":65,"column":69}},"23":{"start":{"line":65,"column":4},"end":{"line":65,"column":69}},"24":{"start":{"line":66,"column":2},"end":{"line":67,"column":63}},"25":{"start":{"line":67,"column":4},"end":{"line":67,"column":63}},"26":{"start":{"line":68,"column":2},"end":{"line":69,"column":63}},"27":{"start":{"line":69,"column":4},"end":{"line":69,"column":63}},"28":{"start":{"line":70,"column":2},"end":{"line":71,"column":63}},"29":{"start":{"line":71,"column":4},"end":{"line":71,"column":63}},"30":{"start":{"line":72,"column":2},"end":{"line":73,"column":63}},"31":{"start":{"line":73,"column":4},"end":{"line":73,"column":63}},"32":{"start":{"line":76,"column":2},"end":{"line":77,"column":69}},"33":{"start":{"line":77,"column":4},"end":{"line":77,"column":69}},"34":{"start":{"line":78,"column":2},"end":{"line":79,"column":67}},"35":{"start":{"line":79,"column":4},"end":{"line":79,"column":67}},"36":{"start":{"line":80,"column":2},"end":{"line":81,"column":73}},"37":{"start":{"line":81,"column":4},"end":{"line":81,"column":73}},"38":{"start":{"line":84,"column":2},"end":{"line":85,"column":78}},"39":{"start":{"line":85,"column":4},"end":{"line":85,"column":78}},"40":{"start":{"line":86,"column":2},"end":{"line":87,"column":74}},"41":{"start":{"line":87,"column":4},"end":{"line":87,"column":74}},"42":{"start":{"line":88,"column":2},"end":{"line":89,"column":67}},"43":{"start":{"line":89,"column":4},"end":{"line":89,"column":67}},"44":{"start":{"line":90,"column":2},"end":{"line":91,"column":73}},"45":{"start":{"line":91,"column":4},"end":{"line":91,"column":73}},"46":{"start":{"line":16,"column":13},"end":{"line":16,"column":29}},"47":{"start":{"line":20,"column":2},"end":{"line":22,"column":null}},"48":{"start":{"line":25,"column":8},"end":{"line":29,"column":null}},"49":{"start":{"line":32,"column":8},"end":{"line":44,"column":null}},"50":{"start":{"line":47,"column":8},"end":{"line":52,"column":null}},"51":{"start":{"line":55,"column":8},"end":{"line":59,"column":null}},"52":{"start":{"line":16,"column":13},"end":{"line":94,"column":null}}},"fnMap":{"0":{"name":"(anonymous_4)","decl":{"start":{"line":17,"column":2},"end":{"line":17,"column":31}},"loc":{"start":{"line":17,"column":59},"end":{"line":17,"column":63}}},"1":{"name":"(anonymous_5)","decl":{"start":{"line":20,"column":2},"end":{"line":20,"column":9}},"loc":{"start":{"line":20,"column":9},"end":{"line":22,"column":3}}},"2":{"name":"(anonymous_6)","decl":{"start":{"line":25,"column":2},"end":{"line":25,"column":7}},"loc":{"start":{"line":25,"column":44},"end":{"line":29,"column":3}}},"3":{"name":"(anonymous_7)","decl":{"start":{"line":32,"column":2},"end":{"line":32,"column":7}},"loc":{"start":{"line":34,"column":33},"end":{"line":44,"column":3}}},"4":{"name":"(anonymous_8)","decl":{"start":{"line":47,"column":2},"end":{"line":47,"column":7}},"loc":{"start":{"line":47,"column":51},"end":{"line":52,"column":3}}},"5":{"name":"(anonymous_9)","decl":{"start":{"line":55,"column":2},"end":{"line":55,"column":7}},"loc":{"start":{"line":55,"column":53},"end":{"line":59,"column":3}}},"6":{"name":"(anonymous_10)","decl":{"start":{"line":60,"column":10},"end":{"line":60,"column":23}},"loc":{"start":{"line":60,"column":45},"end":{"line":93,"column":3}}}},"branchMap":{"0":{"loc":{"start":{"line":40,"column":4},"end":{"line":40,"column":77}},"type":"if","locations":[{"start":{"line":40,"column":4},"end":{"line":40,"column":77}}]},"1":{"loc":{"start":{"line":49,"column":4},"end":{"line":49,"column":77}},"type":"if","locations":[{"start":{"line":49,"column":4},"end":{"line":49,"column":77}}]},"2":{"loc":{"start":{"line":57,"column":4},"end":{"line":57,"column":81}},"type":"if","locations":[{"start":{"line":57,"column":4},"end":{"line":57,"column":81}}]},"3":{"loc":{"start":{"line":64,"column":3},"end":{"line":65,"column":69}},"type":"if","locations":[{"start":{"line":64,"column":3},"end":{"line":65,"column":69}}]},"4":{"loc":{"start":{"line":64,"column":7},"end":{"line":64,"column":42}},"type":"binary-expr","locations":[{"start":{"line":64,"column":7},"end":{"line":64,"column":19}},{"start":{"line":64,"column":23},"end":{"line":64,"column":42}}]},"5":{"loc":{"start":{"line":66,"column":2},"end":{"line":67,"column":63}},"type":"if","locations":[{"start":{"line":66,"column":2},"end":{"line":67,"column":63}}]},"6":{"loc":{"start":{"line":66,"column":6},"end":{"line":66,"column":41}},"type":"binary-expr","locations":[{"start":{"line":66,"column":6},"end":{"line":66,"column":18}},{"start":{"line":66,"column":22},"end":{"line":66,"column":41}}]},"7":{"loc":{"start":{"line":68,"column":2},"end":{"line":69,"column":63}},"type":"if","locations":[{"start":{"line":68,"column":2},"end":{"line":69,"column":63}}]},"8":{"loc":{"start":{"line":68,"column":6},"end":{"line":68,"column":61}},"type":"binary-expr","locations":[{"start":{"line":68,"column":6},"end":{"line":68,"column":34}},{"start":{"line":68,"column":38},"end":{"line":68,"column":61}}]},"9":{"loc":{"start":{"line":70,"column":2},"end":{"line":71,"column":63}},"type":"if","locations":[{"start":{"line":70,"column":2},"end":{"line":71,"column":63}}]},"10":{"loc":{"start":{"line":70,"column":6},"end":{"line":70,"column":57}},"type":"binary-expr","locations":[{"start":{"line":70,"column":6},"end":{"line":70,"column":32}},{"start":{"line":70,"column":36},"end":{"line":70,"column":57}}]},"11":{"loc":{"start":{"line":72,"column":2},"end":{"line":73,"column":63}},"type":"if","locations":[{"start":{"line":72,"column":2},"end":{"line":73,"column":63}}]},"12":{"loc":{"start":{"line":72,"column":6},"end":{"line":72,"column":67}},"type":"binary-expr","locations":[{"start":{"line":72,"column":6},"end":{"line":72,"column":37}},{"start":{"line":72,"column":41},"end":{"line":72,"column":67}}]},"13":{"loc":{"start":{"line":76,"column":2},"end":{"line":77,"column":69}},"type":"if","locations":[{"start":{"line":76,"column":2},"end":{"line":77,"column":69}}]},"14":{"loc":{"start":{"line":78,"column":2},"end":{"line":79,"column":67}},"type":"if","locations":[{"start":{"line":78,"column":2},"end":{"line":79,"column":67}}]},"15":{"loc":{"start":{"line":80,"column":2},"end":{"line":81,"column":73}},"type":"if","locations":[{"start":{"line":80,"column":2},"end":{"line":81,"column":73}}]},"16":{"loc":{"start":{"line":84,"column":2},"end":{"line":85,"column":78}},"type":"if","locations":[{"start":{"line":84,"column":2},"end":{"line":85,"column":78}}]},"17":{"loc":{"start":{"line":86,"column":2},"end":{"line":87,"column":74}},"type":"if","locations":[{"start":{"line":86,"column":2},"end":{"line":87,"column":74}}]},"18":{"loc":{"start":{"line":86,"column":6},"end":{"line":86,"column":45}},"type":"binary-expr","locations":[{"start":{"line":86,"column":6},"end":{"line":86,"column":25}},{"start":{"line":86,"column":29},"end":{"line":86,"column":45}}]},"19":{"loc":{"start":{"line":88,"column":2},"end":{"line":89,"column":67}},"type":"if","locations":[{"start":{"line":88,"column":2},"end":{"line":89,"column":67}}]},"20":{"loc":{"start":{"line":90,"column":2},"end":{"line":91,"column":73}},"type":"if","locations":[{"start":{"line":90,"column":2},"end":{"line":91,"column":73}}]}},"s":{"0":3,"1":3,"2":3,"3":23,"4":1,"5":14,"6":1,"7":2,"8":2,"9":2,"10":1,"11":1,"12":1,"13":2,"14":2,"15":1,"16":1,"17":2,"18":2,"19":1,"20":1,"21":16,"22":16,"23":1,"24":15,"25":1,"26":14,"27":1,"28":13,"29":1,"30":12,"31":1,"32":11,"33":1,"34":10,"35":1,"36":9,"37":1,"38":8,"39":1,"40":7,"41":2,"42":5,"43":1,"44":4,"45":1,"46":3,"47":3,"48":3,"49":3,"50":3,"51":3,"52":3},"f":{"0":23,"1":1,"2":14,"3":2,"4":2,"5":2,"6":16},"b":{"0":[1],"1":[1],"2":[1],"3":[1],"4":[16,15],"5":[1],"6":[15,14],"7":[1],"8":[14,13],"9":[1],"10":[13,12],"11":[1],"12":[12,11],"13":[1],"14":[1],"15":[1],"16":[1],"17":[2],"18":[7,6],"19":[1],"20":[1]}}
,"C:\\Users\\ofek1\\Downloads\\tdp-2025-homework\\popcorn_palace_typescript\\backend\\src\\movies\\movies.module.ts": {"path":"C:\\Users\\ofek1\\Downloads\\tdp-2025-homework\\popcorn_palace_typescript\\backend\\src\\movies\\movies.module.ts","statementMap":{"0":{"start":{"line":1,"column":0},"end":{"line":1,"column":40}},"1":{"start":{"line":2,"column":0},"end":{"line":2,"column":48}},"2":{"start":{"line":3,"column":0},"end":{"line":3,"column":49}},"3":{"start":{"line":4,"column":0},"end":{"line":4,"column":55}},"4":{"start":{"line":5,"column":0},"end":{"line":5,"column":39}},"5":{"start":{"line":13,"column":7},"end":{"line":13,"column":null}},"6":{"start":{"line":13,"column":13},"end":{"line":13,"column":25}},"7":{"start":{"line":13,"column":13},"end":{"line":13,"column":null}}},"fnMap":{},"branchMap":{},"s":{"0":2,"1":2,"2":2,"3":2,"4":2,"5":2,"6":2,"7":2},"f":{},"b":{}}
,"C:\\Users\\ofek1\\Downloads\\tdp-2025-homework\\popcorn_palace_typescript\\backend\\src\\movies\\movies.service.ts": {"path":"C:\\Users\\ofek1\\Downloads\\tdp-2025-homework\\popcorn_palace_typescript\\backend\\src\\movies\\movies.service.ts","statementMap":{"0":{"start":{"line":1,"column":0},"end":{"line":1,"column":65}},"1":{"start":{"line":2,"column":0},"end":{"line":2,"column":51}},"2":{"start":{"line":3,"column":0},"end":{"line":3,"column":37}},"3":{"start":{"line":4,"column":0},"end":{"line":4,"column":39}},"4":{"start":{"line":7,"column":7},"end":{"line":68,"column":null}},"5":{"start":{"line":10,"column":21},"end":{"line":10,"column":38}},"6":{"start":{"line":14,"column":4},"end":{"line":14,"column":39}},"7":{"start":{"line":18,"column":4},"end":{"line":18,"column":59}},"8":{"start":{"line":22,"column":4},"end":{"line":22,"column":62}},"9":{"start":{"line":26,"column":4},"end":{"line":26,"column":30}},"10":{"start":{"line":28,"column":21},"end":{"line":28,"column":56}},"11":{"start":{"line":29,"column":4},"end":{"line":31,"column":5}},"12":{"start":{"line":30,"column":6},"end":{"line":30,"column":95}},"13":{"start":{"line":33,"column":4},"end":{"line":33,"column":44}},"14":{"start":{"line":38,"column":4},"end":{"line":38,"column":30}},"15":{"start":{"line":40,"column":4},"end":{"line":45,"column":5}},"16":{"start":{"line":41,"column":23},"end":{"line":41,"column":58}},"17":{"start":{"line":42,"column":6},"end":{"line":44,"column":7}},"18":{"start":{"line":43,"column":8},"end":{"line":43,"column":97}},"19":{"start":{"line":47,"column":4},"end":{"line":47,"column":50}},"20":{"start":{"line":52,"column":4},"end":{"line":52,"column":43}},"21":{"start":{"line":56,"column":53},"end":{"line":56,"column":58}},"22":{"start":{"line":58,"column":4},"end":{"line":59,"column":75}},"23":{"start":{"line":59,"column":6},"end":{"line":59,"column":75}},"24":{"start":{"line":61,"column":4},"end":{"line":62,"column":72}},"25":{"start":{"line":62,"column":6},"end":{"line":62,"column":72}},"26":{"start":{"line":64,"column":24},"end":{"line":64,"column":48}},"27":{"start":{"line":65,"column":4},"end":{"line":66,"column":90}},"28":{"start":{"line":66,"column":6},"end":{"line":66,"column":90}},"29":{"start":{"line":7,"column":13},"end":{"line":7,"column":26}},"30":{"start":{"line":7,"column":13},"end":{"line":68,"column":null}}},"fnMap":{"0":{"name":"(anonymous_4)","decl":{"start":{"line":8,"column":2},"end":{"line":8,"column":null}},"loc":{"start":{"line":10,"column":55},"end":{"line":11,"column":6}}},"1":{"name":"(anonymous_5)","decl":{"start":{"line":13,"column":2},"end":{"line":13,"column":9}},"loc":{"start":{"line":13,"column":9},"end":{"line":15,"column":3}}},"2":{"name":"(anonymous_6)","decl":{"start":{"line":17,"column":2},"end":{"line":17,"column":9}},"loc":{"start":{"line":17,"column":20},"end":{"line":19,"column":3}}},"3":{"name":"(anonymous_7)","decl":{"start":{"line":21,"column":2},"end":{"line":21,"column":13}},"loc":{"start":{"line":21,"column":27},"end":{"line":23,"column":3}}},"4":{"name":"(anonymous_8)","decl":{"start":{"line":25,"column":2},"end":{"line":25,"column":7}},"loc":{"start":{"line":25,"column":36},"end":{"line":34,"column":3}}},"5":{"name":"(anonymous_9)","decl":{"start":{"line":37,"column":2},"end":{"line":37,"column":7}},"loc":{"start":{"line":37,"column":48},"end":{"line":48,"column":3}}},"6":{"name":"(anonymous_10)","decl":{"start":{"line":51,"column":2},"end":{"line":51,"column":8}},"loc":{"start":{"line":51,"column":19},"end":{"line":53,"column":3}}},"7":{"name":"(anonymous_11)","decl":{"start":{"line":55,"column":10},"end":{"line":55,"column":23}},"loc":{"start":{"line":55,"column":45},"end":{"line":67,"column":3}}}},"branchMap":{"0":{"loc":{"start":{"line":29,"column":4},"end":{"line":31,"column":5}},"type":"if","locations":[{"start":{"line":29,"column":4},"end":{"line":31,"column":5}}]},"1":{"loc":{"start":{"line":40,"column":4},"end":{"line":45,"column":5}},"type":"if","locations":[{"start":{"line":40,"column":4},"end":{"line":45,"column":5}}]},"2":{"loc":{"start":{"line":42,"column":6},"end":{"line":44,"column":7}},"type":"if","locations":[{"start":{"line":42,"column":6},"end":{"line":44,"column":7}}]},"3":{"loc":{"start":{"line":42,"column":10},"end":{"line":42,"column":40}},"type":"binary-expr","locations":[{"start":{"line":42,"column":10},"end":{"line":42,"column":18}},{"start":{"line":42,"column":22},"end":{"line":42,"column":40}}]},"4":{"loc":{"start":{"line":58,"column":4},"end":{"line":59,"column":75}},"type":"if","locations":[{"start":{"line":58,"column":4},"end":{"line":59,"column":75}}]},"5":{"loc":{"start":{"line":61,"column":4},"end":{"line":62,"column":72}},"type":"if","locations":[{"start":{"line":61,"column":4},"end":{"line":62,"column":72}}]},"6":{"loc":{"start":{"line":61,"column":8},"end":{"line":61,"column":33}},"type":"binary-expr","locations":[{"start":{"line":61,"column":8},"end":{"line":61,"column":18}},{"start":{"line":61,"column":22},"end":{"line":61,"column":33}}]},"7":{"loc":{"start":{"line":65,"column":4},"end":{"line":66,"column":90}},"type":"if","locations":[{"start":{"line":65,"column":4},"end":{"line":66,"column":90}}]},"8":{"loc":{"start":{"line":65,"column":8},"end":{"line":65,"column":68}},"type":"binary-expr","locations":[{"start":{"line":65,"column":8},"end":{"line":65,"column":39}},{"start":{"line":65,"column":43},"end":{"line":65,"column":68}}]}},"s":{"0":5,"1":5,"2":5,"3":5,"4":5,"5":10,"6":1,"7":2,"8":3,"9":2,"10":1,"11":1,"12":0,"13":1,"14":2,"15":1,"16":1,"17":1,"18":0,"19":1,"20":1,"21":4,"22":4,"23":2,"24":2,"25":0,"26":2,"27":2,"28":0,"29":5,"30":5},"f":{"0":10,"1":1,"2":2,"3":3,"4":2,"5":2,"6":1,"7":4},"b":{"0":[0],"1":[1],"2":[0],"3":[1,0],"4":[2],"5":[0],"6":[2,2],"7":[0],"8":[2,2]}}
,"C:\\Users\\ofek1\\Downloads\\tdp-2025-homework\\popcorn_palace_typescript\\backend\\src\\showtimes\\showtime.entity.ts": {"path":"C:\\Users\\ofek1\\Downloads\\tdp-2025-homework\\popcorn_palace_typescript\\backend\\src\\showtimes\\showtime.entity.ts","statementMap":{"0":{"start":{"line":1,"column":0},"end":{"line":1,"column":88}},"1":{"start":{"line":2,"column":0},"end":{"line":2,"column":47}},"2":{"start":{"line":5,"column":7},"end":{"line":33,"column":null}},"3":{"start":{"line":5,"column":13},"end":{"line":5,"column":21}},"4":{"start":{"line":7,"column":2},"end":{"line":7,"column":null}},"5":{"start":{"line":15,"column":2},"end":{"line":15,"column":null}},"6":{"start":{"line":11,"column":29},"end":{"line":11,"column":34}},"7":{"start":{"line":12,"column":31},"end":{"line":12,"column":48}},"8":{"start":{"line":19,"column":2},"end":{"line":19,"column":null}},"9":{"start":{"line":23,"column":2},"end":{"line":23,"column":null}},"10":{"start":{"line":21,"column":19},"end":{"line":21,"column":24}},"11":{"start":{"line":26,"column":2},"end":{"line":26,"column":null}},"12":{"start":{"line":29,"column":2},"end":{"line":29,"column":null}},"13":{"start":{"line":32,"column":2},"end":{"line":32,"column":null}},"14":{"start":{"line":5,"column":13},"end":{"line":33,"column":null}}},"fnMap":{"0":{"name":"(anonymous_2)","decl":{"start":{"line":11,"column":10},"end":{"line":11,"column":11}},"loc":{"start":{"line":11,"column":29},"end":{"line":11,"column":34}}},"1":{"name":"(anonymous_3)","decl":{"start":{"line":12,"column":12},"end":{"line":12,"column":13}},"loc":{"start":{"line":12,"column":31},"end":{"line":12,"column":48}}},"2":{"name":"(anonymous_4)","decl":{"start":{"line":21,"column":13},"end":{"line":21,"column":16}},"loc":{"start":{"line":21,"column":19},"end":{"line":21,"column":24}}}},"branchMap":{},"s":{"0":6,"1":6,"2":6,"3":6,"4":6,"5":6,"6":0,"7":0,"8":6,"9":6,"10":1,"11":6,"12":6,"13":6,"14":6},"f":{"0":0,"1":0,"2":1},"b":{}}
,"C:\\Users\\ofek1\\Downloads\\tdp-2025-homework\\popcorn_palace_typescript\\backend\\src\\showtimes\\showtimes.controller.ts": {"path":"C:\\Users\\ofek1\\Downloads\\tdp-2025-homework\\popcorn_palace_typescript\\backend\\src\\showtimes\\showtimes.controller.ts","statementMap":{"0":{"start":{"line":1,"column":0},"end":{"line":1,"column":null}},"1":{"start":{"line":11,"column":0},"end":{"line":11,"column":55}},"2":{"start":{"line":12,"column":0},"end":{"line":12,"column":57}},"3":{"start":{"line":16,"column":7},"end":{"line":89,"column":null}},"4":{"start":{"line":18,"column":21},"end":{"line":18,"column":39}},"5":{"start":{"line":19,"column":21},"end":{"line":19,"column":36}},"6":{"start":{"line":25,"column":4},"end":{"line":25,"column":53}},"7":{"start":{"line":30,"column":4},"end":{"line":30,"column":36}},"8":{"start":{"line":32,"column":18},"end":{"line":32,"column":68}},"9":{"start":{"line":33,"column":4},"end":{"line":33,"column":91}},"10":{"start":{"line":33,"column":16},"end":{"line":33,"column":91}},"11":{"start":{"line":35,"column":4},"end":{"line":35,"column":50}},"12":{"start":{"line":41,"column":4},"end":{"line":41,"column":36}},"13":{"start":{"line":43,"column":18},"end":{"line":43,"column":68}},"14":{"start":{"line":44,"column":4},"end":{"line":44,"column":91}},"15":{"start":{"line":44,"column":16},"end":{"line":44,"column":91}},"16":{"start":{"line":46,"column":20},"end":{"line":46,"column":68}},"17":{"start":{"line":47,"column":4},"end":{"line":47,"column":null}},"18":{"start":{"line":52,"column":4},"end":{"line":52,"column":44}},"19":{"start":{"line":56,"column":4},"end":{"line":57,"column":68}},"20":{"start":{"line":57,"column":6},"end":{"line":57,"column":68}},"21":{"start":{"line":58,"column":4},"end":{"line":59,"column":72}},"22":{"start":{"line":59,"column":6},"end":{"line":59,"column":72}},"23":{"start":{"line":60,"column":4},"end":{"line":61,"column":65}},"24":{"start":{"line":61,"column":6},"end":{"line":61,"column":65}},"25":{"start":{"line":62,"column":4},"end":{"line":63,"column":67}},"26":{"start":{"line":63,"column":6},"end":{"line":63,"column":67}},"27":{"start":{"line":64,"column":22},"end":{"line":64,"column":50}},"28":{"start":{"line":65,"column":4},"end":{"line":66,"column":69}},"29":{"start":{"line":66,"column":6},"end":{"line":66,"column":69}},"30":{"start":{"line":68,"column":4},"end":{"line":69,"column":65}},"31":{"start":{"line":69,"column":6},"end":{"line":69,"column":65}},"32":{"start":{"line":70,"column":4},"end":{"line":71,"column":71}},"33":{"start":{"line":71,"column":6},"end":{"line":71,"column":71}},"34":{"start":{"line":72,"column":4},"end":{"line":73,"column":64}},"35":{"start":{"line":73,"column":6},"end":{"line":73,"column":64}},"36":{"start":{"line":76,"column":24},"end":{"line":76,"column":34}},"37":{"start":{"line":77,"column":21},"end":{"line":77,"column":43}},"38":{"start":{"line":78,"column":4},"end":{"line":79,"column":80}},"39":{"start":{"line":79,"column":6},"end":{"line":79,"column":80}},"40":{"start":{"line":80,"column":4},"end":{"line":81,"column":71}},"41":{"start":{"line":81,"column":6},"end":{"line":81,"column":71}},"42":{"start":{"line":83,"column":4},"end":{"line":84,"column":77}},"43":{"start":{"line":84,"column":6},"end":{"line":84,"column":77}},"44":{"start":{"line":86,"column":4},"end":{"line":87,"column":75}},"45":{"start":{"line":87,"column":6},"end":{"line":87,"column":75}},"46":{"start":{"line":16,"column":13},"end":{"line":16,"column":32}},"47":{"start":{"line":24,"column":2},"end":{"line":26,"column":null}},"48":{"start":{"line":29,"column":8},"end":{"line":36,"column":null}},"49":{"start":{"line":40,"column":8},"end":{"line":48,"column":null}},"50":{"start":{"line":51,"column":2},"end":{"line":53,"column":null}},"51":{"start":{"line":16,"column":13},"end":{"line":89,"column":null}}},"fnMap":{"0":{"name":"(anonymous_4)","decl":{"start":{"line":17,"column":2},"end":{"line":17,"column":null}},"loc":{"start":{"line":19,"column":49},"end":{"line":20,"column":6}}},"1":{"name":"(anonymous_5)","decl":{"start":{"line":24,"column":2},"end":{"line":24,"column":17}},"loc":{"start":{"line":24,"column":41},"end":{"line":26,"column":3}}},"2":{"name":"(anonymous_6)","decl":{"start":{"line":29,"column":2},"end":{"line":29,"column":7}},"loc":{"start":{"line":29,"column":50},"end":{"line":36,"column":3}}},"3":{"name":"(anonymous_7)","decl":{"start":{"line":40,"column":2},"end":{"line":40,"column":7}},"loc":{"start":{"line":40,"column":75},"end":{"line":48,"column":3}}},"4":{"name":"(anonymous_8)","decl":{"start":{"line":51,"column":2},"end":{"line":51,"column":8}},"loc":{"start":{"line":51,"column":32},"end":{"line":53,"column":3}}},"5":{"name":"(anonymous_9)","decl":{"start":{"line":55,"column":10},"end":{"line":55,"column":26}},"loc":{"start":{"line":55,"column":54},"end":{"line":88,"column":3}}}},"branchMap":{"0":{"loc":{"start":{"line":33,"column":4},"end":{"line":33,"column":91}},"type":"if","locations":[{"start":{"line":33,"column":4},"end":{"line":33,"column":91}}]},"1":{"loc":{"start":{"line":44,"column":4},"end":{"line":44,"column":91}},"type":"if","locations":[{"start":{"line":44,"column":4},"end":{"line":44,"column":91}}]},"2":{"loc":{"start":{"line":56,"column":4},"end":{"line":57,"column":68}},"type":"if","locations":[{"start":{"line":56,"column":4},"end":{"line":57,"column":68}}]},"3":{"loc":{"start":{"line":56,"column":8},"end":{"line":56,"column":67}},"type":"binary-expr","locations":[{"start":{"line":56,"column":8},"end":{"line":56,"column":38}},{"start":{"line":56,"column":42},"end":{"line":56,"column":67}}]},"4":{"loc":{"start":{"line":58,"column":4},"end":{"line":59,"column":72}},"type":"if","locations":[{"start":{"line":58,"column":4},"end":{"line":59,"column":72}}]},"5":{"loc":{"start":{"line":58,"column":8},"end":{"line":58,"column":53}},"type":"binary-expr","locations":[{"start":{"line":58,"column":8},"end":{"line":58,"column":25}},{"start":{"line":58,"column":29},"end":{"line":58,"column":53}}]},"6":{"loc":{"start":{"line":60,"column":4},"end":{"line":61,"column":65}},"type":"if","locations":[{"start":{"line":60,"column":4},"end":{"line":61,"column":65}}]},"7":{"loc":{"start":{"line":60,"column":8},"end":{"line":60,"column":63}},"type":"binary-expr","locations":[{"start":{"line":60,"column":8},"end":{"line":60,"column":36}},{"start":{"line":60,"column":40},"end":{"line":60,"column":63}}]},"8":{"loc":{"start":{"line":62,"column":4},"end":{"line":63,"column":67}},"type":"if","locations":[{"start":{"line":62,"column":4},"end":{"line":63,"column":67}}]},"9":{"loc":{"start":{"line":65,"column":4},"end":{"line":66,"column":69}},"type":"if","locations":[{"start":{"line":65,"column":4},"end":{"line":66,"column":69}}]},"10":{"loc":{"start":{"line":68,"column":4},"end":{"line":69,"column":65}},"type":"if","locations":[{"start":{"line":68,"column":4},"end":{"line":69,"column":65}}]},"11":{"loc":{"start":{"line":70,"column":4},"end":{"line":71,"column":71}},"type":"if","locations":[{"start":{"line":70,"column":4},"end":{"line":71,"column":71}}]},"12":{"loc":{"start":{"line":72,"column":4},"end":{"line":73,"column":64}},"type":"if","locations":[{"start":{"line":72,"column":4},"end":{"line":73,"column":64}}]},"13":{"loc":{"start":{"line":78,"column":4},"end":{"line":79,"column":80}},"type":"if","locations":[{"start":{"line":78,"column":4},"end":{"line":79,"column":80}}]},"14":{"loc":{"start":{"line":80,"column":4},"end":{"line":81,"column":71}},"type":"if","locations":[{"start":{"line":80,"column":4},"end":{"line":81,"column":71}}]},"15":{"loc":{"start":{"line":83,"column":4},"end":{"line":84,"column":77}},"type":"if","locations":[{"start":{"line":83,"column":4},"end":{"line":84,"column":77}}]},"16":{"loc":{"start":{"line":86,"column":4},"end":{"line":87,"column":75}},"type":"if","locations":[{"start":{"line":86,"column":4},"end":{"line":87,"column":75}}]}},"s":{"0":3,"1":3,"2":3,"3":3,"4":16,"5":16,"6":1,"7":2,"8":2,"9":2,"10":1,"11":1,"12":2,"13":2,"14":2,"15":1,"16":1,"17":1,"18":1,"19":13,"20":0,"21":13,"22":1,"23":12,"24":0,"25":12,"26":1,"27":11,"28":11,"29":1,"30":10,"31":1,"32":9,"33":0,"34":9,"35":0,"36":9,"37":9,"38":9,"39":1,"40":8,"41":1,"42":7,"43":2,"44":5,"45":1,"46":3,"47":3,"48":3,"49":3,"50":3,"51":3},"f":{"0":16,"1":1,"2":2,"3":2,"4":1,"5":13},"b":{"0":[1],"1":[1],"2":[0],"3":[13,13],"4":[1],"5":[13,12],"6":[0],"7":[12,12],"8":[1],"9":[1],"10":[1],"11":[0],"12":[0],"13":[1],"14":[1],"15":[2],"16":[1]}}
,"C:\\Users\\ofek1\\Downloads\\tdp-2025-homework\\popcorn_palace_typescript\\backend\\src\\showtimes\\showtimes.module.ts": {"path":"C:\\Users\\ofek1\\Downloads\\tdp-2025-homework\\popcorn_palace_typescript\\backend\\src\\showtimes\\showtimes.module.ts","statementMap":{"0":{"start":{"line":1,"column":0},"end":{"line":1,"column":40}},"1":{"start":{"line":2,"column":0},"end":{"line":2,"column":48}},"2":{"start":{"line":3,"column":0},"end":{"line":3,"column":55}},"3":{"start":{"line":4,"column":0},"end":{"line":4,"column":61}},"4":{"start":{"line":5,"column":0},"end":{"line":5,"column":45}},"5":{"start":{"line":6,"column":0},"end":{"line":6,"column":47}},"6":{"start":{"line":7,"column":0},"end":{"line":7,"column":55}},"7":{"start":{"line":17,"column":7},"end":{"line":17,"column":null}},"8":{"start":{"line":17,"column":13},"end":{"line":17,"column":28}},"9":{"start":{"line":17,"column":13},"end":{"line":17,"column":null}}},"fnMap":{},"branchMap":{},"s":{"0":2,"1":2,"2":2,"3":2,"4":2,"5":2,"6":2,"7":2,"8":2,"9":2},"f":{},"b":{}}
,"C:\\Users\\ofek1\\Downloads\\tdp-2025-homework\\popcorn_palace_typescript\\backend\\src\\showtimes\\showtimes.service.ts": {"path":"C:\\Users\\ofek1\\Downloads\\tdp-2025-homework\\popcorn_palace_typescript\\backend\\src\\showtimes\\showtimes.service.ts","statementMap":{"0":{"start":{"line":1,"column":0},"end":{"line":1,"column":83}},"1":{"start":{"line":2,"column":0},"end":{"line":2,"column":51}},"2":{"start":{"line":3,"column":0},"end":{"line":3,"column":37}},"3":{"start":{"line":4,"column":0},"end":{"line":4,"column":45}},"4":{"start":{"line":5,"column":0},"end":{"line":5,"column":47}},"5":{"start":{"line":8,"column":7},"end":{"line":230,"column":null}},"6":{"start":{"line":11,"column":21},"end":{"line":11,"column":41}},"7":{"start":{"line":14,"column":21},"end":{"line":14,"column":38}},"8":{"start":{"line":18,"column":4},"end":{"line":18,"column":66}},"9":{"start":{"line":22,"column":4},"end":{"line":22,"column":84}},"10":{"start":{"line":26,"column":21},"end":{"line":26,"column":77}},"11":{"start":{"line":27,"column":4},"end":{"line":29,"column":5}},"12":{"start":{"line":28,"column":6},"end":{"line":28,"column":70}},"13":{"start":{"line":31,"column":4},"end":{"line":38,"column":6}},"14":{"start":{"line":42,"column":4},"end":{"line":45,"column":7}},"15":{"start":{"line":50,"column":2},"end":{"line":52,"column":3}},"16":{"start":{"line":51,"column":4},"end":{"line":51,"column":77}},"17":{"start":{"line":54,"column":2},"end":{"line":56,"column":3}},"18":{"start":{"line":55,"column":4},"end":{"line":55,"column":75}},"19":{"start":{"line":58,"column":2},"end":{"line":60,"column":3}},"20":{"start":{"line":59,"column":4},"end":{"line":59,"column":73}},"21":{"start":{"line":62,"column":26},"end":{"line":62,"column":50}},"22":{"start":{"line":63,"column":2},"end":{"line":65,"column":3}},"23":{"start":{"line":64,"column":4},"end":{"line":64,"column":68}},"24":{"start":{"line":67,"column":19},"end":{"line":67,"column":41}},"25":{"start":{"line":68,"column":14},"end":{"line":68,"column":24}},"26":{"start":{"line":70,"column":2},"end":{"line":72,"column":3}},"27":{"start":{"line":71,"column":4},"end":{"line":71,"column":78}},"28":{"start":{"line":74,"column":2},"end":{"line":76,"column":3}},"29":{"start":{"line":75,"column":4},"end":{"line":75,"column":69}},"30":{"start":{"line":79,"column":16},"end":{"line":79,"column":83}},"31":{"start":{"line":80,"column":2},"end":{"line":82,"column":3}},"32":{"start":{"line":81,"column":4},"end":{"line":81,"column":77}},"33":{"start":{"line":85,"column":24},"end":{"line":85,"column":124}},"34":{"start":{"line":86,"column":2},"end":{"line":88,"column":3}},"35":{"start":{"line":87,"column":4},"end":{"line":87,"column":66}},"36":{"start":{"line":90,"column":2},"end":{"line":92,"column":3}},"37":{"start":{"line":91,"column":4},"end":{"line":91,"column":74}},"38":{"start":{"line":95,"column":20},"end":{"line":95,"column":87}},"39":{"start":{"line":96,"column":2},"end":{"line":98,"column":3}},"40":{"start":{"line":97,"column":4},"end":{"line":97,"column":93}},"41":{"start":{"line":101,"column":19},"end":{"line":107,"column":4}},"42":{"start":{"line":109,"column":16},"end":{"line":109,"column":60}},"43":{"start":{"line":111,"column":2},"end":{"line":118,"column":4}},"44":{"start":{"line":122,"column":19},"end":{"line":122,"column":97}},"45":{"start":{"line":123,"column":2},"end":{"line":125,"column":3}},"46":{"start":{"line":124,"column":4},"end":{"line":124,"column":70}},"47":{"start":{"line":127,"column":26},"end":{"line":127,"column":28}},"48":{"start":{"line":130,"column":18},"end":{"line":130,"column":50}},"49":{"start":{"line":131,"column":2},"end":{"line":133,"column":3}},"50":{"start":{"line":132,"column":4},"end":{"line":132,"column":77}},"51":{"start":{"line":136,"column":2},"end":{"line":138,"column":3}},"52":{"start":{"line":137,"column":4},"end":{"line":137,"column":75}},"53":{"start":{"line":141,"column":14},"end":{"line":141,"column":28}},"54":{"start":{"line":142,"column":2},"end":{"line":153,"column":3}},"55":{"start":{"line":143,"column":4},"end":{"line":145,"column":5}},"56":{"start":{"line":144,"column":6},"end":{"line":144,"column":75}},"57":{"start":{"line":147,"column":4},"end":{"line":147,"column":80}},"58":{"start":{"line":148,"column":4},"end":{"line":150,"column":5}},"59":{"start":{"line":149,"column":6},"end":{"line":149,"column":79}},"60":{"start":{"line":152,"column":4},"end":{"line":152,"column":44}},"61":{"start":{"line":156,"column":20},"end":{"line":156,"column":82}},"62":{"start":{"line":157,"column":2},"end":{"line":172,"column":3}},"63":{"start":{"line":158,"column":4},"end":{"line":160,"column":5}},"64":{"start":{"line":159,"column":6},"end":{"line":159,"column":70}},"65":{"start":{"line":162,"column":21},"end":{"line":162,"column":43}},"66":{"start":{"line":163,"column":16},"end":{"line":163,"column":26}},"67":{"start":{"line":165,"column":4},"end":{"line":167,"column":5}},"68":{"start":{"line":166,"column":6},"end":{"line":166,"column":80}},"69":{"start":{"line":169,"column":4},"end":{"line":171,"column":5}},"70":{"start":{"line":170,"column":6},"end":{"line":170,"column":71}},"71":{"start":{"line":175,"column":18},"end":{"line":177,"column":60}},"72":{"start":{"line":179,"column":2},"end":{"line":181,"column":3}},"73":{"start":{"line":180,"column":4},"end":{"line":180,"column":66}},"74":{"start":{"line":183,"column":2},"end":{"line":185,"column":3}},"75":{"start":{"line":184,"column":4},"end":{"line":184,"column":74}},"76":{"start":{"line":188,"column":20},"end":{"line":188,"column":74}},"77":{"start":{"line":189,"column":2},"end":{"line":191,"column":3}},"78":{"start":{"line":190,"column":4},"end":{"line":190,"column":93}},"79":{"start":{"line":194,"column":2},"end":{"line":194,"column":31}},"80":{"start":{"line":195,"column":2},"end":{"line":195,"column":50}},"81":{"start":{"line":196,"column":2},"end":{"line":196,"column":35}},"82":{"start":{"line":197,"column":2},"end":{"line":197,"column":31}},"83":{"start":{"line":199,"column":2},"end":{"line":199,"column":55}},"84":{"start":{"line":200,"column":2},"end":{"line":200,"column":27}},"85":{"start":{"line":205,"column":4},"end":{"line":205,"column":45}},"86":{"start":{"line":214,"column":18},"end":{"line":220,"column":8}},"87":{"start":{"line":222,"column":4},"end":{"line":224,"column":5}},"88":{"start":{"line":223,"column":6},"end":{"line":223,"column":105}},"89":{"start":{"line":226,"column":18},"end":{"line":226,"column":40}},"90":{"start":{"line":227,"column":4},"end":{"line":227,"column":21}},"91":{"start":{"line":8,"column":13},"end":{"line":8,"column":29}},"92":{"start":{"line":8,"column":13},"end":{"line":230,"column":null}}},"fnMap":{"0":{"name":"(anonymous_4)","decl":{"start":{"line":9,"column":2},"end":{"line":9,"column":null}},"loc":{"start":{"line":14,"column":55},"end":{"line":15,"column":6}}},"1":{"name":"(anonymous_5)","decl":{"start":{"line":17,"column":2},"end":{"line":17,"column":7}},"loc":{"start":{"line":17,"column":15},"end":{"line":19,"column":3}}},"2":{"name":"(anonymous_6)","decl":{"start":{"line":21,"column":2},"end":{"line":21,"column":7}},"loc":{"start":{"line":21,"column":27},"end":{"line":23,"column":3}}},"3":{"name":"(anonymous_7)","decl":{"start":{"line":25,"column":2},"end":{"line":25,"column":7}},"loc":{"start":{"line":25,"column":34},"end":{"line":39,"column":3}}},"4":{"name":"(anonymous_8)","decl":{"start":{"line":41,"column":2},"end":{"line":41,"column":7}},"loc":{"start":{"line":41,"column":41},"end":{"line":46,"column":3}}},"5":{"name":"(anonymous_9)","decl":{"start":{"line":48,"column":0},"end":{"line":48,"column":5}},"loc":{"start":{"line":48,"column":36},"end":{"line":119,"column":1}}},"6":{"name":"(anonymous_10)","decl":{"start":{"line":121,"column":0},"end":{"line":121,"column":5}},"loc":{"start":{"line":121,"column":48},"end":{"line":201,"column":1}}},"7":{"name":"(anonymous_11)","decl":{"start":{"line":204,"column":2},"end":{"line":204,"column":7}},"loc":{"start":{"line":204,"column":25},"end":{"line":206,"column":3}}},"8":{"name":"(anonymous_12)","decl":{"start":{"line":208,"column":10},"end":{"line":208,"column":15}},"loc":{"start":{"line":212,"column":17},"end":{"line":228,"column":3}}}},"branchMap":{"0":{"loc":{"start":{"line":27,"column":4},"end":{"line":29,"column":5}},"type":"if","locations":[{"start":{"line":27,"column":4},"end":{"line":29,"column":5}}]},"1":{"loc":{"start":{"line":50,"column":2},"end":{"line":52,"column":3}},"type":"if","locations":[{"start":{"line":50,"column":2},"end":{"line":52,"column":3}}]},"2":{"loc":{"start":{"line":50,"column":6},"end":{"line":50,"column":79}},"type":"binary-expr","locations":[{"start":{"line":50,"column":6},"end":{"line":50,"column":19}},{"start":{"line":50,"column":23},"end":{"line":50,"column":55}},{"start":{"line":50,"column":59},"end":{"line":50,"column":79}}]},"3":{"loc":{"start":{"line":54,"column":2},"end":{"line":56,"column":3}},"type":"if","locations":[{"start":{"line":54,"column":2},"end":{"line":56,"column":3}}]},"4":{"loc":{"start":{"line":58,"column":2},"end":{"line":60,"column":3}},"type":"if","locations":[{"start":{"line":58,"column":2},"end":{"line":60,"column":3}}]},"5":{"loc":{"start":{"line":58,"column":6},"end":{"line":58,"column":76}},"type":"binary-expr","locations":[{"start":{"line":58,"column":6},"end":{"line":58,"column":19}},{"start":{"line":58,"column":23},"end":{"line":58,"column":55}},{"start":{"line":58,"column":59},"end":{"line":58,"column":76}}]},"6":{"loc":{"start":{"line":63,"column":2},"end":{"line":65,"column":3}},"type":"if","locations":[{"start":{"line":63,"column":2},"end":{"line":65,"column":3}}]},"7":{"loc":{"start":{"line":70,"column":2},"end":{"line":72,"column":3}},"type":"if","locations":[{"start":{"line":70,"column":2},"end":{"line":72,"column":3}}]},"8":{"loc":{"start":{"line":74,"column":2},"end":{"line":76,"column":3}},"type":"if","locations":[{"start":{"line":74,"column":2},"end":{"line":76,"column":3}}]},"9":{"loc":{"start":{"line":80,"column":2},"end":{"line":82,"column":3}},"type":"if","locations":[{"start":{"line":80,"column":2},"end":{"line":82,"column":3}}]},"10":{"loc":{"start":{"line":85,"column":24},"end":{"line":85,"column":124}},"type":"cond-expr","locations":[{"start":{"line":85,"column":39},"end":{"line":85,"column":61}},{"start":{"line":85,"column":64},"end":{"line":85,"column":124}}]},"11":{"loc":{"start":{"line":86,"column":2},"end":{"line":88,"column":3}},"type":"if","locations":[{"start":{"line":86,"column":2},"end":{"line":88,"column":3}}]},"12":{"loc":{"start":{"line":90,"column":2},"end":{"line":92,"column":3}},"type":"if","locations":[{"start":{"line":90,"column":2},"end":{"line":92,"column":3}}]},"13":{"loc":{"start":{"line":96,"column":2},"end":{"line":98,"column":3}},"type":"if","locations":[{"start":{"line":96,"column":2},"end":{"line":98,"column":3}}]},"14":{"loc":{"start":{"line":123,"column":2},"end":{"line":125,"column":3}},"type":"if","locations":[{"start":{"line":123,"column":2},"end":{"line":125,"column":3}}]},"15":{"loc":{"start":{"line":130,"column":18},"end":{"line":130,"column":50}},"type":"binary-expr","locations":[{"start":{"line":130,"column":18},"end":{"line":130,"column":30}},{"start":{"line":130,"column":34},"end":{"line":130,"column":50}}]},"16":{"loc":{"start":{"line":131,"column":2},"end":{"line":133,"column":3}},"type":"if","locations":[{"start":{"line":131,"column":2},"end":{"line":133,"column":3}}]},"17":{"loc":{"start":{"line":131,"column":6},"end":{"line":131,"column":94}},"type":"binary-expr","locations":[{"start":{"line":131,"column":6},"end":{"line":131,"column":32}},{"start":{"line":131,"column":37},"end":{"line":131,"column":57}},{"start":{"line":131,"column":61},"end":{"line":131,"column":93}}]},"18":{"loc":{"start":{"line":136,"column":2},"end":{"line":138,"column":3}},"type":"if","locations":[{"start":{"line":136,"column":2},"end":{"line":138,"column":3}}]},"19":{"loc":{"start":{"line":136,"column":6},"end":{"line":136,"column":57}},"type":"binary-expr","locations":[{"start":{"line":136,"column":6},"end":{"line":136,"column":30}},{"start":{"line":136,"column":34},"end":{"line":136,"column":57}}]},"20":{"loc":{"start":{"line":142,"column":2},"end":{"line":153,"column":3}},"type":"if","locations":[{"start":{"line":142,"column":2},"end":{"line":153,"column":3}}]},"21":{"loc":{"start":{"line":142,"column":6},"end":{"line":142,"column":70}},"type":"binary-expr","locations":[{"start":{"line":142,"column":6},"end":{"line":142,"column":32}},{"start":{"line":142,"column":36},"end":{"line":142,"column":70}}]},"22":{"loc":{"start":{"line":143,"column":4},"end":{"line":145,"column":5}},"type":"if","locations":[{"start":{"line":143,"column":4},"end":{"line":145,"column":5}}]},"23":{"loc":{"start":{"line":148,"column":4},"end":{"line":150,"column":5}},"type":"if","locations":[{"start":{"line":148,"column":4},"end":{"line":150,"column":5}}]},"24":{"loc":{"start":{"line":156,"column":20},"end":{"line":156,"column":82}},"type":"cond-expr","locations":[{"start":{"line":156,"column":37},"end":{"line":156,"column":61}},{"start":{"line":156,"column":64},"end":{"line":156,"column":82}}]},"25":{"loc":{"start":{"line":157,"column":2},"end":{"line":172,"column":3}},"type":"if","locations":[{"start":{"line":157,"column":2},"end":{"line":172,"column":3}}]},"26":{"loc":{"start":{"line":158,"column":4},"end":{"line":160,"column":5}},"type":"if","locations":[{"start":{"line":158,"column":4},"end":{"line":160,"column":5}}]},"27":{"loc":{"start":{"line":165,"column":4},"end":{"line":167,"column":5}},"type":"if","locations":[{"start":{"line":165,"column":4},"end":{"line":167,"column":5}}]},"28":{"loc":{"start":{"line":169,"column":4},"end":{"line":171,"column":5}},"type":"if","locations":[{"start":{"line":169,"column":4},"end":{"line":171,"column":5}}]},"29":{"loc":{"start":{"line":175,"column":18},"end":{"line":177,"column":60}},"type":"cond-expr","locations":[{"start":{"line":176,"column":6},"end":{"line":176,"column":28}},{"start":{"line":177,"column":6},"end":{"line":177,"column":60}}]},"30":{"loc":{"start":{"line":179,"column":2},"end":{"line":181,"column":3}},"type":"if","locations":[{"start":{"line":179,"column":2},"end":{"line":181,"column":3}}]},"31":{"loc":{"start":{"line":179,"column":6},"end":{"line":179,"column":60}},"type":"binary-expr","locations":[{"start":{"line":179,"column":6},"end":{"line":179,"column":32}},{"start":{"line":179,"column":36},"end":{"line":179,"column":60}}]},"32":{"loc":{"start":{"line":183,"column":2},"end":{"line":185,"column":3}},"type":"if","locations":[{"start":{"line":183,"column":2},"end":{"line":185,"column":3}}]},"33":{"loc":{"start":{"line":189,"column":2},"end":{"line":191,"column":3}},"type":"if","locations":[{"start":{"line":189,"column":2},"end":{"line":191,"column":3}}]},"34":{"loc":{"start":{"line":195,"column":21},"end":{"line":195,"column":49}},"type":"binary-expr","locations":[{"start":{"line":195,"column":21},"end":{"line":195,"column":31}},{"start":{"line":195,"column":35},"end":{"line":195,"column":49}}]},"35":{"loc":{"start":{"line":222,"column":4},"end":{"line":224,"column":5}},"type":"if","locations":[{"start":{"line":222,"column":4},"end":{"line":224,"column":5}}]}},"s":{"0":4,"1":4,"2":4,"3":4,"4":4,"5":4,"6":8,"7":8,"8":0,"9":1,"10":0,"11":0,"12":0,"13":0,"14":0,"15":3,"16":0,"17":3,"18":0,"19":3,"20":0,"21":3,"22":3,"23":0,"24":3,"25":3,"26":3,"27":0,"28":3,"29":0,"30":3,"31":3,"32":1,"33":2,"34":2,"35":0,"36":2,"37":0,"38":2,"39":2,"40":1,"41":1,"42":1,"43":1,"44":3,"45":3,"46":1,"47":2,"48":2,"49":2,"50":0,"51":2,"52":0,"53":2,"54":2,"55":1,"56":0,"57":1,"58":1,"59":1,"60":0,"61":1,"62":1,"63":1,"64":0,"65":1,"66":1,"67":1,"68":0,"69":1,"70":0,"71":1,"72":1,"73":0,"74":1,"75":0,"76":1,"77":1,"78":0,"79":1,"80":1,"81":1,"82":1,"83":1,"84":1,"85":1,"86":3,"87":3,"88":1,"89":3,"90":3,"91":4,"92":4},"f":{"0":8,"1":0,"2":1,"3":0,"4":0,"5":3,"6":3,"7":1,"8":3},"b":{"0":[0],"1":[0],"2":[3,3,3],"3":[0],"4":[0],"5":[3,3,3],"6":[0],"7":[0],"8":[0],"9":[1],"10":[0,2],"11":[0],"12":[0],"13":[1],"14":[1],"15":[2,0],"16":[0],"17":[2,2,2],"18":[0],"19":[2,2],"20":[1],"21":[2,2],"22":[0],"23":[1],"24":[1,0],"25":[1],"26":[0],"27":[0],"28":[0],"29":[0,1],"30":[0],"31":[1,0],"32":[0],"33":[0],"34":[1,0],"35":[1]}}
}
