{"C:\\Users\\ofek1\\Downloads\\tdp-2025-homework\\popcorn_palace_typescript\\backend\\src\\app.controller.ts": {"path":"C:\\Users\\ofek1\\Downloads\\tdp-2025-homework\\popcorn_palace_typescript\\backend\\src\\app.controller.ts","statementMap":{"0":{"start":{"line":1,"column":0},"end":{"line":1,"column":49}},"1":{"start":{"line":2,"column":0},"end":{"line":2,"column":43}},"2":{"start":{"line":5,"column":7},"end":{"line":12,"column":null}},"3":{"start":{"line":6,"column":31},"end":{"line":6,"column":43}},"4":{"start":{"line":10,"column":4},"end":{"line":10,"column":38}},"5":{"start":{"line":5,"column":13},"end":{"line":5,"column":26}},"6":{"start":{"line":9,"column":2},"end":{"line":11,"column":null}},"7":{"start":{"line":5,"column":13},"end":{"line":12,"column":null}}},"fnMap":{"0":{"name":"(anonymous_2)","decl":{"start":{"line":6,"column":2},"end":{"line":6,"column":31}},"loc":{"start":{"line":6,"column":53},"end":{"line":6,"column":57}}},"1":{"name":"(anonymous_3)","decl":{"start":{"line":9,"column":2},"end":{"line":9,"column":10}},"loc":{"start":{"line":9,"column":10},"end":{"line":11,"column":3}}}},"branchMap":{},"s":{"0":3,"1":3,"2":3,"3":2,"4":1,"5":3,"6":3,"7":3},"f":{"0":2,"1":1},"b":{}}
,"C:\\Users\\ofek1\\Downloads\\tdp-2025-homework\\popcorn_palace_typescript\\backend\\src\\app.module.ts": {"path":"C:\\Users\\ofek1\\Downloads\\tdp-2025-homework\\popcorn_palace_typescript\\backend\\src\\app.module.ts","statementMap":{"0":{"start":{"line":1,"column":0},"end":{"line":1,"column":40}},"1":{"start":{"line":2,"column":0},"end":{"line":2,"column":48}},"2":{"start":{"line":3,"column":0},"end":{"line":3,"column":49}},"3":{"start":{"line":4,"column":0},"end":{"line":4,"column":43}},"4":{"start":{"line":5,"column":0},"end":{"line":5,"column":54}},"5":{"start":{"line":6,"column":0},"end":{"line":6,"column":63}},"6":{"start":{"line":7,"column":0},"end":{"line":7,"column":55}},"7":{"start":{"line":8,"column":0},"end":{"line":8,"column":46}},"8":{"start":{"line":9,"column":0},"end":{"line":9,"column":60}},"9":{"start":{"line":32,"column":7},"end":{"line":32,"column":null}},"10":{"start":{"line":32,"column":13},"end":{"line":32,"column":22}},"11":{"start":{"line":32,"column":13},"end":{"line":32,"column":null}}},"fnMap":{},"branchMap":{},"s":{"0":2,"1":2,"2":2,"3":2,"4":2,"5":2,"6":2,"7":2,"8":2,"9":2,"10":2,"11":2},"f":{},"b":{}}
,"C:\\Users\\ofek1\\Downloads\\tdp-2025-homework\\popcorn_palace_typescript\\backend\\src\\app.service.ts": {"path":"C:\\Users\\ofek1\\Downloads\\tdp-2025-homework\\popcorn_palace_typescript\\backend\\src\\app.service.ts","statementMap":{"0":{"start":{"line":1,"column":0},"end":{"line":1,"column":44}},"1":{"start":{"line":4,"column":7},"end":{"line":8,"column":null}},"2":{"start":{"line":6,"column":4},"end":{"line":6,"column":26}},"3":{"start":{"line":4,"column":13},"end":{"line":4,"column":23}},"4":{"start":{"line":4,"column":13},"end":{"line":8,"column":null}}},"fnMap":{"0":{"name":"(anonymous_1)","decl":{"start":{"line":5,"column":2},"end":{"line":5,"column":10}},"loc":{"start":{"line":5,"column":10},"end":{"line":7,"column":3}}}},"branchMap":{},"s":{"0":4,"1":4,"2":2,"3":4,"4":4},"f":{"0":2},"b":{}}
,"C:\\Users\\ofek1\\Downloads\\tdp-2025-homework\\popcorn_palace_typescript\\backend\\src\\main.ts": {"path":"C:\\Users\\ofek1\\Downloads\\tdp-2025-homework\\popcorn_palace_typescript\\backend\\src\\main.ts","statementMap":{"0":{"start":{"line":1,"column":0},"end":{"line":1,"column":43}},"1":{"start":{"line":2,"column":0},"end":{"line":2,"column":41}},"2":{"start":{"line":5,"column":14},"end":{"line":5,"column":49}},"3":{"start":{"line":7,"column":2},"end":{"line":10,"column":5}},"4":{"start":{"line":12,"column":2},"end":{"line":12,"column":25}},"5":{"start":{"line":13,"column":2},"end":{"line":13,"column":64}},"6":{"start":{"line":15,"column":0},"end":{"line":15,"column":12}}},"fnMap":{"0":{"name":"bootstrap","decl":{"start":{"line":4,"column":15},"end":{"line":4,"column":24}},"loc":{"start":{"line":4,"column":24},"end":{"line":14,"column":1}}}},"branchMap":{},"s":{"0":1,"1":1,"2":1,"3":1,"4":1,"5":1,"6":1},"f":{"0":1},"b":{}}
,"C:\\Users\\ofek1\\Downloads\\tdp-2025-homework\\popcorn_palace_typescript\\backend\\src\\bookings\\booking.entity.ts": {"path":"C:\\Users\\ofek1\\Downloads\\tdp-2025-homework\\popcorn_palace_typescript\\backend\\src\\bookings\\booking.entity.ts","statementMap":{"0":{"start":{"line":1,"column":0},"end":{"line":1,"column":88}},"1":{"start":{"line":2,"column":0},"end":{"line":2,"column":56}},"2":{"start":{"line":5,"column":7},"end":{"line":21,"column":null}},"3":{"start":{"line":5,"column":13},"end":{"line":5,"column":20}},"4":{"start":{"line":7,"column":2},"end":{"line":7,"column":null}},"5":{"start":{"line":10,"column":2},"end":{"line":10,"column":null}},"6":{"start":{"line":13,"column":2},"end":{"line":13,"column":null}},"7":{"start":{"line":16,"column":2},"end":{"line":16,"column":null}},"8":{"start":{"line":20,"column":2},"end":{"line":20,"column":null}},"9":{"start":{"line":18,"column":19},"end":{"line":18,"column":27}},"10":{"start":{"line":5,"column":13},"end":{"line":21,"column":null}}},"fnMap":{"0":{"name":"(anonymous_2)","decl":{"start":{"line":18,"column":13},"end":{"line":18,"column":16}},"loc":{"start":{"line":18,"column":19},"end":{"line":18,"column":27}}}},"branchMap":{},"s":{"0":4,"1":4,"2":4,"3":4,"4":4,"5":4,"6":4,"7":4,"8":4,"9":1,"10":4},"f":{"0":1},"b":{}}
,"C:\\Users\\ofek1\\Downloads\\tdp-2025-homework\\popcorn_palace_typescript\\backend\\src\\bookings\\bookings.controller.ts": {"path":"C:\\Users\\ofek1\\Downloads\\tdp-2025-homework\\popcorn_palace_typescript\\backend\\src\\bookings\\bookings.controller.ts","statementMap":{"0":{"start":{"line":1,"column":0},"end":{"line":1,"column":77}},"1":{"start":{"line":2,"column":0},"end":{"line":2,"column":53}},"2":{"start":{"line":5,"column":7},"end":{"line":28,"column":null}},"3":{"start":{"line":6,"column":31},"end":{"line":6,"column":48}},"4":{"start":{"line":12,"column":47},"end":{"line":12,"column":51}},"5":{"start":{"line":14,"column":4},"end":{"line":16,"column":5}},"6":{"start":{"line":15,"column":6},"end":{"line":15,"column":69}},"7":{"start":{"line":18,"column":4},"end":{"line":20,"column":5}},"8":{"start":{"line":19,"column":6},"end":{"line":19,"column":84}},"9":{"start":{"line":22,"column":4},"end":{"line":24,"column":5}},"10":{"start":{"line":23,"column":6},"end":{"line":23,"column":73}},"11":{"start":{"line":26,"column":4},"end":{"line":26,"column":75}},"12":{"start":{"line":5,"column":13},"end":{"line":5,"column":31}},"13":{"start":{"line":9,"column":8},"end":{"line":27,"column":null}},"14":{"start":{"line":5,"column":13},"end":{"line":28,"column":null}}},"fnMap":{"0":{"name":"(anonymous_4)","decl":{"start":{"line":6,"column":2},"end":{"line":6,"column":31}},"loc":{"start":{"line":6,"column":63},"end":{"line":6,"column":67}}},"1":{"name":"(anonymous_5)","decl":{"start":{"line":9,"column":2},"end":{"line":9,"column":7}},"loc":{"start":{"line":10,"column":76},"end":{"line":27,"column":3}}}},"branchMap":{"0":{"loc":{"start":{"line":14,"column":4},"end":{"line":16,"column":5}},"type":"if","locations":[{"start":{"line":14,"column":4},"end":{"line":16,"column":5}}]},"1":{"loc":{"start":{"line":14,"column":8},"end":{"line":14,"column":74}},"type":"binary-expr","locations":[{"start":{"line":14,"column":8},"end":{"line":14,"column":19}},{"start":{"line":14,"column":23},"end":{"line":14,"column":53}},{"start":{"line":14,"column":57},"end":{"line":14,"column":74}}]},"2":{"loc":{"start":{"line":18,"column":4},"end":{"line":20,"column":5}},"type":"if","locations":[{"start":{"line":18,"column":4},"end":{"line":20,"column":5}}]},"3":{"loc":{"start":{"line":18,"column":8},"end":{"line":18,"column":75}},"type":"binary-expr","locations":[{"start":{"line":18,"column":8},"end":{"line":18,"column":38}},{"start":{"line":18,"column":42},"end":{"line":18,"column":56}},{"start":{"line":18,"column":60},"end":{"line":18,"column":75}}]},"4":{"loc":{"start":{"line":22,"column":4},"end":{"line":24,"column":5}},"type":"if","locations":[{"start":{"line":22,"column":4},"end":{"line":24,"column":5}}]},"5":{"loc":{"start":{"line":22,"column":8},"end":{"line":22,"column":63}},"type":"binary-expr","locations":[{"start":{"line":22,"column":8},"end":{"line":22,"column":15}},{"start":{"line":22,"column":19},"end":{"line":22,"column":45}},{"start":{"line":22,"column":49},"end":{"line":22,"column":63}}]}},"s":{"0":3,"1":3,"2":3,"3":6,"4":4,"5":4,"6":1,"7":3,"8":1,"9":2,"10":1,"11":1,"12":3,"13":3,"14":3},"f":{"0":6,"1":4},"b":{"0":[1],"1":[4,3,3],"2":[1],"3":[3,3,2],"4":[1],"5":[2,2,2]}}
,"C:\\Users\\ofek1\\Downloads\\tdp-2025-homework\\popcorn_palace_typescript\\backend\\src\\bookings\\bookings.module.ts": {"path":"C:\\Users\\ofek1\\Downloads\\tdp-2025-homework\\popcorn_palace_typescript\\backend\\src\\bookings\\bookings.module.ts","statementMap":{"0":{"start":{"line":1,"column":0},"end":{"line":1,"column":40}},"1":{"start":{"line":2,"column":0},"end":{"line":2,"column":48}},"2":{"start":{"line":3,"column":0},"end":{"line":3,"column":53}},"3":{"start":{"line":4,"column":0},"end":{"line":4,"column":43}},"4":{"start":{"line":5,"column":0},"end":{"line":5,"column":59}},"5":{"start":{"line":6,"column":0},"end":{"line":6,"column":56}},"6":{"start":{"line":13,"column":7},"end":{"line":13,"column":null}},"7":{"start":{"line":13,"column":13},"end":{"line":13,"column":27}},"8":{"start":{"line":13,"column":13},"end":{"line":13,"column":null}}},"fnMap":{},"branchMap":{},"s":{"0":2,"1":2,"2":2,"3":2,"4":2,"5":2,"6":2,"7":2,"8":2},"f":{},"b":{}}
,"C:\\Users\\ofek1\\Downloads\\tdp-2025-homework\\popcorn_palace_typescript\\backend\\src\\bookings\\bookings.service.ts": {"path":"C:\\Users\\ofek1\\Downloads\\tdp-2025-homework\\popcorn_palace_typescript\\backend\\src\\bookings\\bookings.service.ts","statementMap":{"0":{"start":{"line":1,"column":0},"end":{"line":1,"column":65}},"1":{"start":{"line":2,"column":0},"end":{"line":2,"column":51}},"2":{"start":{"line":3,"column":0},"end":{"line":3,"column":37}},"3":{"start":{"line":4,"column":0},"end":{"line":4,"column":43}},"4":{"start":{"line":5,"column":0},"end":{"line":5,"column":56}},"5":{"start":{"line":8,"column":7},"end":{"line":44,"column":null}},"6":{"start":{"line":11,"column":21},"end":{"line":11,"column":40}},"7":{"start":{"line":14,"column":21},"end":{"line":14,"column":41}},"8":{"start":{"line":18,"column":47},"end":{"line":18,"column":51}},"9":{"start":{"line":21,"column":4},"end":{"line":23,"column":5}},"10":{"start":{"line":22,"column":6},"end":{"line":22,"column":79}},"11":{"start":{"line":26,"column":21},"end":{"line":26,"column":89}},"12":{"start":{"line":27,"column":4},"end":{"line":27,"column":85}},"13":{"start":{"line":27,"column":19},"end":{"line":27,"column":85}},"14":{"start":{"line":30,"column":28},"end":{"line":32,"column":6}},"15":{"start":{"line":34,"column":4},"end":{"line":36,"column":5}},"16":{"start":{"line":35,"column":6},"end":{"line":35,"column":106}},"17":{"start":{"line":39,"column":20},"end":{"line":39,"column":85}},"18":{"start":{"line":40,"column":18},"end":{"line":40,"column":60}},"19":{"start":{"line":42,"column":4},"end":{"line":42,"column":42}},"20":{"start":{"line":8,"column":13},"end":{"line":8,"column":28}},"21":{"start":{"line":8,"column":13},"end":{"line":44,"column":null}}},"fnMap":{"0":{"name":"(anonymous_4)","decl":{"start":{"line":9,"column":2},"end":{"line":9,"column":null}},"loc":{"start":{"line":14,"column":61},"end":{"line":15,"column":6}}},"1":{"name":"(anonymous_5)","decl":{"start":{"line":17,"column":2},"end":{"line":17,"column":7}},"loc":{"start":{"line":17,"column":79},"end":{"line":43,"column":3}}}},"branchMap":{"0":{"loc":{"start":{"line":21,"column":4},"end":{"line":23,"column":5}},"type":"if","locations":[{"start":{"line":21,"column":4},"end":{"line":23,"column":5}}]},"1":{"loc":{"start":{"line":21,"column":8},"end":{"line":21,"column":41}},"type":"binary-expr","locations":[{"start":{"line":21,"column":8},"end":{"line":21,"column":22}},{"start":{"line":21,"column":26},"end":{"line":21,"column":41}}]},"2":{"loc":{"start":{"line":27,"column":4},"end":{"line":27,"column":85}},"type":"if","locations":[{"start":{"line":27,"column":4},"end":{"line":27,"column":85}}]},"3":{"loc":{"start":{"line":34,"column":4},"end":{"line":36,"column":5}},"type":"if","locations":[{"start":{"line":34,"column":4},"end":{"line":36,"column":5}}]}},"s":{"0":4,"1":4,"2":4,"3":4,"4":4,"5":4,"6":5,"7":5,"8":4,"9":4,"10":1,"11":3,"12":3,"13":1,"14":2,"15":2,"16":1,"17":1,"18":1,"19":1,"20":4,"21":4},"f":{"0":5,"1":4},"b":{"0":[1],"1":[4,4],"2":[1],"3":[1]}}
,"C:\\Users\\ofek1\\Downloads\\tdp-2025-homework\\popcorn_palace_typescript\\backend\\src\\movies\\movie.entity.ts": {"path":"C:\\Users\\ofek1\\Downloads\\tdp-2025-homework\\popcorn_palace_typescript\\backend\\src\\movies\\movie.entity.ts","statementMap":{"0":{"start":{"line":1,"column":0},"end":{"line":1,"column":65}},"1":{"start":{"line":4,"column":7},"end":{"line":22,"column":null}},"2":{"start":{"line":4,"column":13},"end":{"line":4,"column":18}},"3":{"start":{"line":6,"column":2},"end":{"line":6,"column":null}},"4":{"start":{"line":9,"column":2},"end":{"line":9,"column":null}},"5":{"start":{"line":12,"column":2},"end":{"line":12,"column":null}},"6":{"start":{"line":15,"column":2},"end":{"line":15,"column":null}},"7":{"start":{"line":18,"column":2},"end":{"line":18,"column":null}},"8":{"start":{"line":21,"column":2},"end":{"line":21,"column":null}},"9":{"start":{"line":4,"column":13},"end":{"line":22,"column":null}}},"fnMap":{},"branchMap":{},"s":{"0":8,"1":8,"2":8,"3":8,"4":8,"5":8,"6":8,"7":8,"8":8,"9":8},"f":{},"b":{}}
,"C:\\Users\\ofek1\\Downloads\\tdp-2025-homework\\popcorn_palace_typescript\\backend\\src\\movies\\movies.controller.ts": {"path":"C:\\Users\\ofek1\\Downloads\\tdp-2025-homework\\popcorn_palace_typescript\\backend\\src\\movies\\movies.controller.ts","statementMap":{"0":{"start":{"line":1,"column":0},"end":{"line":1,"column":null}},"1":{"start":{"line":12,"column":0},"end":{"line":12,"column":49}},"2":{"start":{"line":16,"column":7},"end":{"line":109,"column":null}},"3":{"start":{"line":17,"column":31},"end":{"line":17,"column":46}},"4":{"start":{"line":21,"column":4},"end":{"line":21,"column":40}},"5":{"start":{"line":26,"column":4},"end":{"line":27,"column":69}},"6":{"start":{"line":27,"column":6},"end":{"line":27,"column":69}},"7":{"start":{"line":28,"column":4},"end":{"line":29,"column":69}},"8":{"start":{"line":29,"column":6},"end":{"line":29,"column":69}},"9":{"start":{"line":30,"column":4},"end":{"line":31,"column":72}},"10":{"start":{"line":31,"column":6},"end":{"line":31,"column":72}},"11":{"start":{"line":32,"column":4},"end":{"line":33,"column":70}},"12":{"start":{"line":33,"column":6},"end":{"line":33,"column":70}},"13":{"start":{"line":34,"column":4},"end":{"line":35,"column":76}},"14":{"start":{"line":35,"column":6},"end":{"line":35,"column":76}},"15":{"start":{"line":37,"column":4},"end":{"line":38,"column":74}},"16":{"start":{"line":38,"column":6},"end":{"line":38,"column":74}},"17":{"start":{"line":39,"column":4},"end":{"line":40,"column":72}},"18":{"start":{"line":40,"column":6},"end":{"line":40,"column":72}},"19":{"start":{"line":41,"column":4},"end":{"line":42,"column":78}},"20":{"start":{"line":42,"column":6},"end":{"line":42,"column":78}},"21":{"start":{"line":44,"column":4},"end":{"line":45,"column":83}},"22":{"start":{"line":45,"column":6},"end":{"line":45,"column":83}},"23":{"start":{"line":46,"column":4},"end":{"line":47,"column":79}},"24":{"start":{"line":47,"column":6},"end":{"line":47,"column":79}},"25":{"start":{"line":48,"column":4},"end":{"line":49,"column":72}},"26":{"start":{"line":49,"column":6},"end":{"line":49,"column":72}},"27":{"start":{"line":50,"column":4},"end":{"line":51,"column":78}},"28":{"start":{"line":51,"column":6},"end":{"line":51,"column":78}},"29":{"start":{"line":53,"column":4},"end":{"line":53,"column":44}},"30":{"start":{"line":61,"column":4},"end":{"line":62,"column":71}},"31":{"start":{"line":62,"column":6},"end":{"line":62,"column":71}},"32":{"start":{"line":63,"column":4},"end":{"line":64,"column":65}},"33":{"start":{"line":64,"column":6},"end":{"line":64,"column":65}},"34":{"start":{"line":65,"column":4},"end":{"line":66,"column":65}},"35":{"start":{"line":66,"column":6},"end":{"line":66,"column":65}},"36":{"start":{"line":67,"column":4},"end":{"line":68,"column":65}},"37":{"start":{"line":68,"column":6},"end":{"line":68,"column":65}},"38":{"start":{"line":69,"column":4},"end":{"line":70,"column":65}},"39":{"start":{"line":70,"column":6},"end":{"line":70,"column":65}},"40":{"start":{"line":72,"column":4},"end":{"line":73,"column":71}},"41":{"start":{"line":73,"column":6},"end":{"line":73,"column":71}},"42":{"start":{"line":74,"column":4},"end":{"line":75,"column":69}},"43":{"start":{"line":75,"column":6},"end":{"line":75,"column":69}},"44":{"start":{"line":76,"column":4},"end":{"line":77,"column":75}},"45":{"start":{"line":77,"column":6},"end":{"line":77,"column":75}},"46":{"start":{"line":79,"column":4},"end":{"line":80,"column":80}},"47":{"start":{"line":80,"column":6},"end":{"line":80,"column":80}},"48":{"start":{"line":81,"column":4},"end":{"line":82,"column":76}},"49":{"start":{"line":82,"column":6},"end":{"line":82,"column":76}},"50":{"start":{"line":83,"column":4},"end":{"line":84,"column":69}},"51":{"start":{"line":84,"column":6},"end":{"line":84,"column":69}},"52":{"start":{"line":85,"column":4},"end":{"line":86,"column":75}},"53":{"start":{"line":86,"column":6},"end":{"line":86,"column":75}},"54":{"start":{"line":88,"column":21},"end":{"line":88,"column":64}},"55":{"start":{"line":89,"column":4},"end":{"line":89,"column":77}},"56":{"start":{"line":89,"column":19},"end":{"line":89,"column":77}},"57":{"start":{"line":91,"column":4},"end":{"line":91,"column":56}},"58":{"start":{"line":92,"column":4},"end":{"line":92,"column":17}},"59":{"start":{"line":97,"column":21},"end":{"line":97,"column":64}},"60":{"start":{"line":98,"column":4},"end":{"line":98,"column":77}},"61":{"start":{"line":98,"column":19},"end":{"line":98,"column":77}},"62":{"start":{"line":100,"column":4},"end":{"line":100,"column":49}},"63":{"start":{"line":105,"column":18},"end":{"line":105,"column":54}},"64":{"start":{"line":106,"column":4},"end":{"line":106,"column":81}},"65":{"start":{"line":106,"column":16},"end":{"line":106,"column":81}},"66":{"start":{"line":107,"column":4},"end":{"line":107,"column":17}},"67":{"start":{"line":16,"column":13},"end":{"line":16,"column":29}},"68":{"start":{"line":20,"column":2},"end":{"line":22,"column":null}},"69":{"start":{"line":25,"column":8},"end":{"line":54,"column":null}},"70":{"start":{"line":57,"column":8},"end":{"line":93,"column":null}},"71":{"start":{"line":96,"column":8},"end":{"line":101,"column":null}},"72":{"start":{"line":104,"column":8},"end":{"line":108,"column":null}},"73":{"start":{"line":16,"column":13},"end":{"line":109,"column":null}}},"fnMap":{"0":{"name":"(anonymous_4)","decl":{"start":{"line":17,"column":2},"end":{"line":17,"column":31}},"loc":{"start":{"line":17,"column":59},"end":{"line":17,"column":63}}},"1":{"name":"(anonymous_5)","decl":{"start":{"line":20,"column":2},"end":{"line":20,"column":9}},"loc":{"start":{"line":20,"column":9},"end":{"line":22,"column":3}}},"2":{"name":"(anonymous_6)","decl":{"start":{"line":25,"column":2},"end":{"line":25,"column":7}},"loc":{"start":{"line":25,"column":44},"end":{"line":54,"column":3}}},"3":{"name":"(anonymous_7)","decl":{"start":{"line":57,"column":2},"end":{"line":57,"column":7}},"loc":{"start":{"line":59,"column":33},"end":{"line":93,"column":3}}},"4":{"name":"(anonymous_8)","decl":{"start":{"line":96,"column":2},"end":{"line":96,"column":7}},"loc":{"start":{"line":96,"column":51},"end":{"line":101,"column":3}}},"5":{"name":"(anonymous_9)","decl":{"start":{"line":104,"column":2},"end":{"line":104,"column":7}},"loc":{"start":{"line":104,"column":53},"end":{"line":108,"column":3}}}},"branchMap":{"0":{"loc":{"start":{"line":26,"column":4},"end":{"line":27,"column":69}},"type":"if","locations":[{"start":{"line":26,"column":4},"end":{"line":27,"column":69}}]},"1":{"loc":{"start":{"line":26,"column":8},"end":{"line":26,"column":43}},"type":"binary-expr","locations":[{"start":{"line":26,"column":8},"end":{"line":26,"column":20}},{"start":{"line":26,"column":24},"end":{"line":26,"column":43}}]},"2":{"loc":{"start":{"line":28,"column":4},"end":{"line":29,"column":69}},"type":"if","locations":[{"start":{"line":28,"column":4},"end":{"line":29,"column":69}}]},"3":{"loc":{"start":{"line":28,"column":8},"end":{"line":28,"column":43}},"type":"binary-expr","locations":[{"start":{"line":28,"column":8},"end":{"line":28,"column":20}},{"start":{"line":28,"column":24},"end":{"line":28,"column":43}}]},"4":{"loc":{"start":{"line":30,"column":4},"end":{"line":31,"column":72}},"type":"if","locations":[{"start":{"line":30,"column":4},"end":{"line":31,"column":72}}]},"5":{"loc":{"start":{"line":30,"column":8},"end":{"line":30,"column":63}},"type":"binary-expr","locations":[{"start":{"line":30,"column":8},"end":{"line":30,"column":36}},{"start":{"line":30,"column":40},"end":{"line":30,"column":63}}]},"6":{"loc":{"start":{"line":32,"column":4},"end":{"line":33,"column":70}},"type":"if","locations":[{"start":{"line":32,"column":4},"end":{"line":33,"column":70}}]},"7":{"loc":{"start":{"line":32,"column":8},"end":{"line":32,"column":59}},"type":"binary-expr","locations":[{"start":{"line":32,"column":8},"end":{"line":32,"column":34}},{"start":{"line":32,"column":38},"end":{"line":32,"column":59}}]},"8":{"loc":{"start":{"line":34,"column":4},"end":{"line":35,"column":76}},"type":"if","locations":[{"start":{"line":34,"column":4},"end":{"line":35,"column":76}}]},"9":{"loc":{"start":{"line":34,"column":8},"end":{"line":34,"column":69}},"type":"binary-expr","locations":[{"start":{"line":34,"column":8},"end":{"line":34,"column":39}},{"start":{"line":34,"column":43},"end":{"line":34,"column":69}}]},"10":{"loc":{"start":{"line":37,"column":4},"end":{"line":38,"column":74}},"type":"if","locations":[{"start":{"line":37,"column":4},"end":{"line":38,"column":74}}]},"11":{"loc":{"start":{"line":39,"column":4},"end":{"line":40,"column":72}},"type":"if","locations":[{"start":{"line":39,"column":4},"end":{"line":40,"column":72}}]},"12":{"loc":{"start":{"line":41,"column":4},"end":{"line":42,"column":78}},"type":"if","locations":[{"start":{"line":41,"column":4},"end":{"line":42,"column":78}}]},"13":{"loc":{"start":{"line":44,"column":4},"end":{"line":45,"column":83}},"type":"if","locations":[{"start":{"line":44,"column":4},"end":{"line":45,"column":83}}]},"14":{"loc":{"start":{"line":46,"column":4},"end":{"line":47,"column":79}},"type":"if","locations":[{"start":{"line":46,"column":4},"end":{"line":47,"column":79}}]},"15":{"loc":{"start":{"line":46,"column":8},"end":{"line":46,"column":47}},"type":"binary-expr","locations":[{"start":{"line":46,"column":8},"end":{"line":46,"column":27}},{"start":{"line":46,"column":31},"end":{"line":46,"column":47}}]},"16":{"loc":{"start":{"line":48,"column":4},"end":{"line":49,"column":72}},"type":"if","locations":[{"start":{"line":48,"column":4},"end":{"line":49,"column":72}}]},"17":{"loc":{"start":{"line":50,"column":4},"end":{"line":51,"column":78}},"type":"if","locations":[{"start":{"line":50,"column":4},"end":{"line":51,"column":78}}]},"18":{"loc":{"start":{"line":61,"column":4},"end":{"line":62,"column":71}},"type":"if","locations":[{"start":{"line":61,"column":4},"end":{"line":62,"column":71}}]},"19":{"loc":{"start":{"line":61,"column":8},"end":{"line":61,"column":43}},"type":"binary-expr","locations":[{"start":{"line":61,"column":8},"end":{"line":61,"column":20}},{"start":{"line":61,"column":24},"end":{"line":61,"column":43}}]},"20":{"loc":{"start":{"line":63,"column":4},"end":{"line":64,"column":65}},"type":"if","locations":[{"start":{"line":63,"column":4},"end":{"line":64,"column":65}}]},"21":{"loc":{"start":{"line":63,"column":8},"end":{"line":63,"column":43}},"type":"binary-expr","locations":[{"start":{"line":63,"column":8},"end":{"line":63,"column":20}},{"start":{"line":63,"column":24},"end":{"line":63,"column":43}}]},"22":{"loc":{"start":{"line":65,"column":4},"end":{"line":66,"column":65}},"type":"if","locations":[{"start":{"line":65,"column":4},"end":{"line":66,"column":65}}]},"23":{"loc":{"start":{"line":65,"column":8},"end":{"line":65,"column":63}},"type":"binary-expr","locations":[{"start":{"line":65,"column":8},"end":{"line":65,"column":36}},{"start":{"line":65,"column":40},"end":{"line":65,"column":63}}]},"24":{"loc":{"start":{"line":67,"column":4},"end":{"line":68,"column":65}},"type":"if","locations":[{"start":{"line":67,"column":4},"end":{"line":68,"column":65}}]},"25":{"loc":{"start":{"line":67,"column":8},"end":{"line":67,"column":59}},"type":"binary-expr","locations":[{"start":{"line":67,"column":8},"end":{"line":67,"column":34}},{"start":{"line":67,"column":38},"end":{"line":67,"column":59}}]},"26":{"loc":{"start":{"line":69,"column":4},"end":{"line":70,"column":65}},"type":"if","locations":[{"start":{"line":69,"column":4},"end":{"line":70,"column":65}}]},"27":{"loc":{"start":{"line":69,"column":8},"end":{"line":69,"column":69}},"type":"binary-expr","locations":[{"start":{"line":69,"column":8},"end":{"line":69,"column":39}},{"start":{"line":69,"column":43},"end":{"line":69,"column":69}}]},"28":{"loc":{"start":{"line":72,"column":4},"end":{"line":73,"column":71}},"type":"if","locations":[{"start":{"line":72,"column":4},"end":{"line":73,"column":71}}]},"29":{"loc":{"start":{"line":74,"column":4},"end":{"line":75,"column":69}},"type":"if","locations":[{"start":{"line":74,"column":4},"end":{"line":75,"column":69}}]},"30":{"loc":{"start":{"line":76,"column":4},"end":{"line":77,"column":75}},"type":"if","locations":[{"start":{"line":76,"column":4},"end":{"line":77,"column":75}}]},"31":{"loc":{"start":{"line":79,"column":4},"end":{"line":80,"column":80}},"type":"if","locations":[{"start":{"line":79,"column":4},"end":{"line":80,"column":80}}]},"32":{"loc":{"start":{"line":81,"column":4},"end":{"line":82,"column":76}},"type":"if","locations":[{"start":{"line":81,"column":4},"end":{"line":82,"column":76}}]},"33":{"loc":{"start":{"line":81,"column":8},"end":{"line":81,"column":47}},"type":"binary-expr","locations":[{"start":{"line":81,"column":8},"end":{"line":81,"column":27}},{"start":{"line":81,"column":31},"end":{"line":81,"column":47}}]},"34":{"loc":{"start":{"line":83,"column":4},"end":{"line":84,"column":69}},"type":"if","locations":[{"start":{"line":83,"column":4},"end":{"line":84,"column":69}}]},"35":{"loc":{"start":{"line":85,"column":4},"end":{"line":86,"column":75}},"type":"if","locations":[{"start":{"line":85,"column":4},"end":{"line":86,"column":75}}]},"36":{"loc":{"start":{"line":89,"column":4},"end":{"line":89,"column":77}},"type":"if","locations":[{"start":{"line":89,"column":4},"end":{"line":89,"column":77}}]},"37":{"loc":{"start":{"line":98,"column":4},"end":{"line":98,"column":77}},"type":"if","locations":[{"start":{"line":98,"column":4},"end":{"line":98,"column":77}}]},"38":{"loc":{"start":{"line":106,"column":4},"end":{"line":106,"column":81}},"type":"if","locations":[{"start":{"line":106,"column":4},"end":{"line":106,"column":81}}]}},"s":{"0":3,"1":3,"2":3,"3":23,"4":1,"5":14,"6":1,"7":13,"8":1,"9":12,"10":1,"11":11,"12":1,"13":10,"14":1,"15":9,"16":1,"17":8,"18":1,"19":7,"20":1,"21":6,"22":1,"23":5,"24":2,"25":3,"26":1,"27":2,"28":1,"29":1,"30":2,"31":0,"32":2,"33":0,"34":2,"35":0,"36":2,"37":0,"38":2,"39":0,"40":2,"41":0,"42":2,"43":0,"44":2,"45":0,"46":2,"47":0,"48":2,"49":0,"50":2,"51":0,"52":2,"53":0,"54":2,"55":2,"56":1,"57":1,"58":1,"59":2,"60":2,"61":1,"62":1,"63":2,"64":2,"65":1,"66":1,"67":3,"68":3,"69":3,"70":3,"71":3,"72":3,"73":3},"f":{"0":23,"1":1,"2":14,"3":2,"4":2,"5":2},"b":{"0":[1],"1":[14,13],"2":[1],"3":[13,12],"4":[1],"5":[12,11],"6":[1],"7":[11,10],"8":[1],"9":[10,9],"10":[1],"11":[1],"12":[1],"13":[1],"14":[2],"15":[5,4],"16":[1],"17":[1],"18":[0],"19":[2,2],"20":[0],"21":[2,2],"22":[0],"23":[2,2],"24":[0],"25":[2,2],"26":[0],"27":[2,2],"28":[0],"29":[0],"30":[0],"31":[0],"32":[0],"33":[2,2],"34":[0],"35":[0],"36":[1],"37":[1],"38":[1]}}
,"C:\\Users\\ofek1\\Downloads\\tdp-2025-homework\\popcorn_palace_typescript\\backend\\src\\movies\\movies.module.ts": {"path":"C:\\Users\\ofek1\\Downloads\\tdp-2025-homework\\popcorn_palace_typescript\\backend\\src\\movies\\movies.module.ts","statementMap":{"0":{"start":{"line":1,"column":0},"end":{"line":1,"column":40}},"1":{"start":{"line":2,"column":0},"end":{"line":2,"column":48}},"2":{"start":{"line":3,"column":0},"end":{"line":3,"column":49}},"3":{"start":{"line":4,"column":0},"end":{"line":4,"column":55}},"4":{"start":{"line":5,"column":0},"end":{"line":5,"column":39}},"5":{"start":{"line":13,"column":7},"end":{"line":13,"column":null}},"6":{"start":{"line":13,"column":13},"end":{"line":13,"column":25}},"7":{"start":{"line":13,"column":13},"end":{"line":13,"column":null}}},"fnMap":{},"branchMap":{},"s":{"0":2,"1":2,"2":2,"3":2,"4":2,"5":2,"6":2,"7":2},"f":{},"b":{}}
,"C:\\Users\\ofek1\\Downloads\\tdp-2025-homework\\popcorn_palace_typescript\\backend\\src\\movies\\movies.service.ts": {"path":"C:\\Users\\ofek1\\Downloads\\tdp-2025-homework\\popcorn_palace_typescript\\backend\\src\\movies\\movies.service.ts","statementMap":{"0":{"start":{"line":1,"column":0},"end":{"line":1,"column":65}},"1":{"start":{"line":2,"column":0},"end":{"line":2,"column":51}},"2":{"start":{"line":3,"column":0},"end":{"line":3,"column":37}},"3":{"start":{"line":4,"column":0},"end":{"line":4,"column":39}},"4":{"start":{"line":7,"column":7},"end":{"line":71,"column":null}},"5":{"start":{"line":10,"column":21},"end":{"line":10,"column":38}},"6":{"start":{"line":14,"column":4},"end":{"line":14,"column":39}},"7":{"start":{"line":18,"column":4},"end":{"line":18,"column":59}},"8":{"start":{"line":22,"column":4},"end":{"line":22,"column":62}},"9":{"start":{"line":26,"column":4},"end":{"line":26,"column":30}},"10":{"start":{"line":28,"column":21},"end":{"line":28,"column":56}},"11":{"start":{"line":29,"column":4},"end":{"line":31,"column":5}},"12":{"start":{"line":30,"column":6},"end":{"line":30,"column":95}},"13":{"start":{"line":33,"column":4},"end":{"line":33,"column":44}},"14":{"start":{"line":38,"column":4},"end":{"line":38,"column":30}},"15":{"start":{"line":40,"column":4},"end":{"line":45,"column":5}},"16":{"start":{"line":41,"column":23},"end":{"line":41,"column":58}},"17":{"start":{"line":42,"column":6},"end":{"line":44,"column":7}},"18":{"start":{"line":43,"column":8},"end":{"line":43,"column":97}},"19":{"start":{"line":47,"column":4},"end":{"line":47,"column":50}},"20":{"start":{"line":52,"column":4},"end":{"line":52,"column":43}},"21":{"start":{"line":56,"column":53},"end":{"line":56,"column":58}},"22":{"start":{"line":58,"column":4},"end":{"line":59,"column":62}},"23":{"start":{"line":59,"column":6},"end":{"line":59,"column":62}},"24":{"start":{"line":61,"column":4},"end":{"line":62,"column":75}},"25":{"start":{"line":62,"column":6},"end":{"line":62,"column":75}},"26":{"start":{"line":64,"column":4},"end":{"line":65,"column":72}},"27":{"start":{"line":65,"column":6},"end":{"line":65,"column":72}},"28":{"start":{"line":67,"column":24},"end":{"line":67,"column":48}},"29":{"start":{"line":68,"column":4},"end":{"line":69,"column":90}},"30":{"start":{"line":69,"column":6},"end":{"line":69,"column":90}},"31":{"start":{"line":7,"column":13},"end":{"line":7,"column":26}},"32":{"start":{"line":7,"column":13},"end":{"line":71,"column":null}}},"fnMap":{"0":{"name":"(anonymous_4)","decl":{"start":{"line":8,"column":2},"end":{"line":8,"column":null}},"loc":{"start":{"line":10,"column":55},"end":{"line":11,"column":6}}},"1":{"name":"(anonymous_5)","decl":{"start":{"line":13,"column":2},"end":{"line":13,"column":9}},"loc":{"start":{"line":13,"column":9},"end":{"line":15,"column":3}}},"2":{"name":"(anonymous_6)","decl":{"start":{"line":17,"column":2},"end":{"line":17,"column":9}},"loc":{"start":{"line":17,"column":20},"end":{"line":19,"column":3}}},"3":{"name":"(anonymous_7)","decl":{"start":{"line":21,"column":2},"end":{"line":21,"column":13}},"loc":{"start":{"line":21,"column":27},"end":{"line":23,"column":3}}},"4":{"name":"(anonymous_8)","decl":{"start":{"line":25,"column":2},"end":{"line":25,"column":7}},"loc":{"start":{"line":25,"column":36},"end":{"line":34,"column":3}}},"5":{"name":"(anonymous_9)","decl":{"start":{"line":37,"column":2},"end":{"line":37,"column":7}},"loc":{"start":{"line":37,"column":48},"end":{"line":48,"column":3}}},"6":{"name":"(anonymous_10)","decl":{"start":{"line":51,"column":2},"end":{"line":51,"column":8}},"loc":{"start":{"line":51,"column":19},"end":{"line":53,"column":3}}},"7":{"name":"(anonymous_11)","decl":{"start":{"line":55,"column":10},"end":{"line":55,"column":23}},"loc":{"start":{"line":55,"column":45},"end":{"line":70,"column":3}}}},"branchMap":{"0":{"loc":{"start":{"line":29,"column":4},"end":{"line":31,"column":5}},"type":"if","locations":[{"start":{"line":29,"column":4},"end":{"line":31,"column":5}}]},"1":{"loc":{"start":{"line":40,"column":4},"end":{"line":45,"column":5}},"type":"if","locations":[{"start":{"line":40,"column":4},"end":{"line":45,"column":5}}]},"2":{"loc":{"start":{"line":42,"column":6},"end":{"line":44,"column":7}},"type":"if","locations":[{"start":{"line":42,"column":6},"end":{"line":44,"column":7}}]},"3":{"loc":{"start":{"line":42,"column":10},"end":{"line":42,"column":40}},"type":"binary-expr","locations":[{"start":{"line":42,"column":10},"end":{"line":42,"column":18}},{"start":{"line":42,"column":22},"end":{"line":42,"column":40}}]},"4":{"loc":{"start":{"line":58,"column":4},"end":{"line":59,"column":62}},"type":"if","locations":[{"start":{"line":58,"column":4},"end":{"line":59,"column":62}}]},"5":{"loc":{"start":{"line":58,"column":8},"end":{"line":58,"column":68}},"type":"binary-expr","locations":[{"start":{"line":58,"column":8},"end":{"line":58,"column":36}},{"start":{"line":58,"column":39},"end":{"line":58,"column":45}},{"start":{"line":58,"column":49},"end":{"line":58,"column":68}}]},"6":{"loc":{"start":{"line":61,"column":4},"end":{"line":62,"column":75}},"type":"if","locations":[{"start":{"line":61,"column":4},"end":{"line":62,"column":75}}]},"7":{"loc":{"start":{"line":61,"column":8},"end":{"line":61,"column":53}},"type":"binary-expr","locations":[{"start":{"line":61,"column":8},"end":{"line":61,"column":36}},{"start":{"line":61,"column":40},"end":{"line":61,"column":53}}]},"8":{"loc":{"start":{"line":64,"column":4},"end":{"line":65,"column":72}},"type":"if","locations":[{"start":{"line":64,"column":4},"end":{"line":65,"column":72}}]},"9":{"loc":{"start":{"line":64,"column":8},"end":{"line":64,"column":63}},"type":"binary-expr","locations":[{"start":{"line":64,"column":8},"end":{"line":64,"column":34}},{"start":{"line":64,"column":38},"end":{"line":64,"column":48}},{"start":{"line":64,"column":52},"end":{"line":64,"column":63}}]},"10":{"loc":{"start":{"line":68,"column":4},"end":{"line":69,"column":90}},"type":"if","locations":[{"start":{"line":68,"column":4},"end":{"line":69,"column":90}}]},"11":{"loc":{"start":{"line":68,"column":8},"end":{"line":68,"column":68}},"type":"binary-expr","locations":[{"start":{"line":68,"column":8},"end":{"line":68,"column":39}},{"start":{"line":68,"column":43},"end":{"line":68,"column":68}}]}},"s":{"0":5,"1":5,"2":5,"3":5,"4":5,"5":10,"6":1,"7":2,"8":3,"9":2,"10":1,"11":1,"12":0,"13":1,"14":2,"15":1,"16":1,"17":1,"18":0,"19":1,"20":1,"21":4,"22":4,"23":2,"24":2,"25":0,"26":2,"27":0,"28":2,"29":2,"30":0,"31":5,"32":5},"f":{"0":10,"1":1,"2":2,"3":3,"4":2,"5":2,"6":1,"7":4},"b":{"0":[0],"1":[1],"2":[0],"3":[1,0],"4":[2],"5":[4,4,2],"6":[0],"7":[2,2],"8":[0],"9":[2,2,2],"10":[0],"11":[2,2]}}
,"C:\\Users\\ofek1\\Downloads\\tdp-2025-homework\\popcorn_palace_typescript\\backend\\src\\showtimes\\showtime.entity.ts": {"path":"C:\\Users\\ofek1\\Downloads\\tdp-2025-homework\\popcorn_palace_typescript\\backend\\src\\showtimes\\showtime.entity.ts","statementMap":{"0":{"start":{"line":1,"column":0},"end":{"line":1,"column":88}},"1":{"start":{"line":2,"column":0},"end":{"line":2,"column":47}},"2":{"start":{"line":5,"column":7},"end":{"line":33,"column":null}},"3":{"start":{"line":5,"column":13},"end":{"line":5,"column":21}},"4":{"start":{"line":7,"column":2},"end":{"line":7,"column":null}},"5":{"start":{"line":15,"column":2},"end":{"line":15,"column":null}},"6":{"start":{"line":11,"column":29},"end":{"line":11,"column":34}},"7":{"start":{"line":12,"column":31},"end":{"line":12,"column":48}},"8":{"start":{"line":19,"column":2},"end":{"line":19,"column":null}},"9":{"start":{"line":23,"column":2},"end":{"line":23,"column":null}},"10":{"start":{"line":21,"column":19},"end":{"line":21,"column":24}},"11":{"start":{"line":26,"column":2},"end":{"line":26,"column":null}},"12":{"start":{"line":29,"column":2},"end":{"line":29,"column":null}},"13":{"start":{"line":32,"column":2},"end":{"line":32,"column":null}},"14":{"start":{"line":5,"column":13},"end":{"line":33,"column":null}}},"fnMap":{"0":{"name":"(anonymous_2)","decl":{"start":{"line":11,"column":10},"end":{"line":11,"column":11}},"loc":{"start":{"line":11,"column":29},"end":{"line":11,"column":34}}},"1":{"name":"(anonymous_3)","decl":{"start":{"line":12,"column":12},"end":{"line":12,"column":13}},"loc":{"start":{"line":12,"column":31},"end":{"line":12,"column":48}}},"2":{"name":"(anonymous_4)","decl":{"start":{"line":21,"column":13},"end":{"line":21,"column":16}},"loc":{"start":{"line":21,"column":19},"end":{"line":21,"column":24}}}},"branchMap":{},"s":{"0":6,"1":6,"2":6,"3":6,"4":6,"5":6,"6":0,"7":0,"8":6,"9":6,"10":1,"11":6,"12":6,"13":6,"14":6},"f":{"0":0,"1":0,"2":1},"b":{}}
,"C:\\Users\\ofek1\\Downloads\\tdp-2025-homework\\popcorn_palace_typescript\\backend\\src\\showtimes\\showtimes.controller.ts": {"path":"C:\\Users\\ofek1\\Downloads\\tdp-2025-homework\\popcorn_palace_typescript\\backend\\src\\showtimes\\showtimes.controller.ts","statementMap":{"0":{"start":{"line":1,"column":0},"end":{"line":1,"column":null}},"1":{"start":{"line":13,"column":0},"end":{"line":13,"column":55}},"2":{"start":{"line":14,"column":0},"end":{"line":14,"column":57}},"3":{"start":{"line":18,"column":7},"end":{"line":84,"column":null}},"4":{"start":{"line":20,"column":21},"end":{"line":20,"column":39}},"5":{"start":{"line":21,"column":21},"end":{"line":21,"column":36}},"6":{"start":{"line":27,"column":4},"end":{"line":27,"column":46}},"7":{"start":{"line":32,"column":4},"end":{"line":32,"column":36}},"8":{"start":{"line":34,"column":18},"end":{"line":34,"column":68}},"9":{"start":{"line":35,"column":4},"end":{"line":35,"column":91}},"10":{"start":{"line":35,"column":16},"end":{"line":35,"column":91}},"11":{"start":{"line":37,"column":4},"end":{"line":37,"column":50}},"12":{"start":{"line":43,"column":4},"end":{"line":43,"column":36}},"13":{"start":{"line":45,"column":18},"end":{"line":45,"column":68}},"14":{"start":{"line":46,"column":4},"end":{"line":46,"column":91}},"15":{"start":{"line":46,"column":16},"end":{"line":46,"column":91}},"16":{"start":{"line":48,"column":20},"end":{"line":48,"column":68}},"17":{"start":{"line":49,"column":4},"end":{"line":49,"column":null}},"18":{"start":{"line":54,"column":4},"end":{"line":54,"column":44}},"19":{"start":{"line":58,"column":4},"end":{"line":59,"column":62}},"20":{"start":{"line":59,"column":6},"end":{"line":59,"column":62}},"21":{"start":{"line":60,"column":4},"end":{"line":61,"column":65}},"22":{"start":{"line":61,"column":6},"end":{"line":61,"column":65}},"23":{"start":{"line":62,"column":4},"end":{"line":63,"column":74}},"24":{"start":{"line":63,"column":6},"end":{"line":63,"column":74}},"25":{"start":{"line":64,"column":4},"end":{"line":65,"column":67}},"26":{"start":{"line":65,"column":6},"end":{"line":65,"column":67}},"27":{"start":{"line":67,"column":22},"end":{"line":67,"column":50}},"28":{"start":{"line":68,"column":4},"end":{"line":69,"column":69}},"29":{"start":{"line":69,"column":6},"end":{"line":69,"column":69}},"30":{"start":{"line":71,"column":24},"end":{"line":71,"column":34}},"31":{"start":{"line":72,"column":21},"end":{"line":72,"column":43}},"32":{"start":{"line":73,"column":4},"end":{"line":74,"column":83}},"33":{"start":{"line":74,"column":6},"end":{"line":74,"column":83}},"34":{"start":{"line":75,"column":4},"end":{"line":76,"column":74}},"35":{"start":{"line":76,"column":6},"end":{"line":76,"column":74}},"36":{"start":{"line":78,"column":4},"end":{"line":79,"column":80}},"37":{"start":{"line":79,"column":6},"end":{"line":79,"column":80}},"38":{"start":{"line":81,"column":4},"end":{"line":82,"column":78}},"39":{"start":{"line":82,"column":6},"end":{"line":82,"column":78}},"40":{"start":{"line":18,"column":13},"end":{"line":18,"column":32}},"41":{"start":{"line":26,"column":2},"end":{"line":28,"column":null}},"42":{"start":{"line":31,"column":8},"end":{"line":38,"column":null}},"43":{"start":{"line":42,"column":8},"end":{"line":50,"column":null}},"44":{"start":{"line":53,"column":2},"end":{"line":55,"column":null}},"45":{"start":{"line":18,"column":13},"end":{"line":84,"column":null}}},"fnMap":{"0":{"name":"(anonymous_4)","decl":{"start":{"line":19,"column":2},"end":{"line":19,"column":null}},"loc":{"start":{"line":21,"column":49},"end":{"line":22,"column":6}}},"1":{"name":"(anonymous_5)","decl":{"start":{"line":26,"column":2},"end":{"line":26,"column":10}},"loc":{"start":{"line":26,"column":34},"end":{"line":28,"column":3}}},"2":{"name":"(anonymous_6)","decl":{"start":{"line":31,"column":2},"end":{"line":31,"column":7}},"loc":{"start":{"line":31,"column":50},"end":{"line":38,"column":3}}},"3":{"name":"(anonymous_7)","decl":{"start":{"line":42,"column":2},"end":{"line":42,"column":7}},"loc":{"start":{"line":42,"column":75},"end":{"line":50,"column":3}}},"4":{"name":"(anonymous_8)","decl":{"start":{"line":53,"column":2},"end":{"line":53,"column":8}},"loc":{"start":{"line":53,"column":32},"end":{"line":55,"column":3}}},"5":{"name":"(anonymous_9)","decl":{"start":{"line":57,"column":10},"end":{"line":57,"column":26}},"loc":{"start":{"line":57,"column":54},"end":{"line":83,"column":3}}}},"branchMap":{"0":{"loc":{"start":{"line":35,"column":4},"end":{"line":35,"column":91}},"type":"if","locations":[{"start":{"line":35,"column":4},"end":{"line":35,"column":91}}]},"1":{"loc":{"start":{"line":46,"column":4},"end":{"line":46,"column":91}},"type":"if","locations":[{"start":{"line":46,"column":4},"end":{"line":46,"column":91}}]},"2":{"loc":{"start":{"line":58,"column":4},"end":{"line":59,"column":62}},"type":"if","locations":[{"start":{"line":58,"column":4},"end":{"line":59,"column":62}}]},"3":{"loc":{"start":{"line":60,"column":4},"end":{"line":61,"column":65}},"type":"if","locations":[{"start":{"line":60,"column":4},"end":{"line":61,"column":65}}]},"4":{"loc":{"start":{"line":60,"column":8},"end":{"line":60,"column":65}},"type":"binary-expr","locations":[{"start":{"line":60,"column":8},"end":{"line":60,"column":25}},{"start":{"line":60,"column":29},"end":{"line":60,"column":65}}]},"5":{"loc":{"start":{"line":62,"column":4},"end":{"line":63,"column":74}},"type":"if","locations":[{"start":{"line":62,"column":4},"end":{"line":63,"column":74}}]},"6":{"loc":{"start":{"line":64,"column":4},"end":{"line":65,"column":67}},"type":"if","locations":[{"start":{"line":64,"column":4},"end":{"line":65,"column":67}}]},"7":{"loc":{"start":{"line":68,"column":4},"end":{"line":69,"column":69}},"type":"if","locations":[{"start":{"line":68,"column":4},"end":{"line":69,"column":69}}]},"8":{"loc":{"start":{"line":73,"column":4},"end":{"line":74,"column":83}},"type":"if","locations":[{"start":{"line":73,"column":4},"end":{"line":74,"column":83}}]},"9":{"loc":{"start":{"line":75,"column":4},"end":{"line":76,"column":74}},"type":"if","locations":[{"start":{"line":75,"column":4},"end":{"line":76,"column":74}}]},"10":{"loc":{"start":{"line":78,"column":4},"end":{"line":79,"column":80}},"type":"if","locations":[{"start":{"line":78,"column":4},"end":{"line":79,"column":80}}]},"11":{"loc":{"start":{"line":81,"column":4},"end":{"line":82,"column":78}},"type":"if","locations":[{"start":{"line":81,"column":4},"end":{"line":82,"column":78}}]}},"s":{"0":3,"1":3,"2":3,"3":3,"4":16,"5":16,"6":1,"7":2,"8":2,"9":2,"10":1,"11":1,"12":2,"13":2,"14":2,"15":1,"16":1,"17":1,"18":1,"19":13,"20":1,"21":12,"22":1,"23":11,"24":1,"25":10,"26":1,"27":9,"28":9,"29":1,"30":8,"31":8,"32":8,"33":1,"34":7,"35":1,"36":6,"37":1,"38":5,"39":1,"40":3,"41":3,"42":3,"43":3,"44":3,"45":3},"f":{"0":16,"1":1,"2":2,"3":2,"4":1,"5":13},"b":{"0":[1],"1":[1],"2":[1],"3":[1],"4":[12,11],"5":[1],"6":[1],"7":[1],"8":[1],"9":[1],"10":[1],"11":[1]}}
,"C:\\Users\\ofek1\\Downloads\\tdp-2025-homework\\popcorn_palace_typescript\\backend\\src\\showtimes\\showtimes.module.ts": {"path":"C:\\Users\\ofek1\\Downloads\\tdp-2025-homework\\popcorn_palace_typescript\\backend\\src\\showtimes\\showtimes.module.ts","statementMap":{"0":{"start":{"line":1,"column":0},"end":{"line":1,"column":40}},"1":{"start":{"line":2,"column":0},"end":{"line":2,"column":48}},"2":{"start":{"line":3,"column":0},"end":{"line":3,"column":55}},"3":{"start":{"line":4,"column":0},"end":{"line":4,"column":61}},"4":{"start":{"line":5,"column":0},"end":{"line":5,"column":45}},"5":{"start":{"line":6,"column":0},"end":{"line":6,"column":47}},"6":{"start":{"line":7,"column":0},"end":{"line":7,"column":55}},"7":{"start":{"line":17,"column":7},"end":{"line":17,"column":null}},"8":{"start":{"line":17,"column":13},"end":{"line":17,"column":28}},"9":{"start":{"line":17,"column":13},"end":{"line":17,"column":null}}},"fnMap":{},"branchMap":{},"s":{"0":2,"1":2,"2":2,"3":2,"4":2,"5":2,"6":2,"7":2,"8":2,"9":2},"f":{},"b":{}}
,"C:\\Users\\ofek1\\Downloads\\tdp-2025-homework\\popcorn_palace_typescript\\backend\\src\\showtimes\\showtimes.service.ts": {"path":"C:\\Users\\ofek1\\Downloads\\tdp-2025-homework\\popcorn_palace_typescript\\backend\\src\\showtimes\\showtimes.service.ts","statementMap":{"0":{"start":{"line":1,"column":0},"end":{"line":1,"column":65}},"1":{"start":{"line":2,"column":0},"end":{"line":2,"column":51}},"2":{"start":{"line":3,"column":0},"end":{"line":3,"column":37}},"3":{"start":{"line":4,"column":0},"end":{"line":4,"column":45}},"4":{"start":{"line":5,"column":0},"end":{"line":5,"column":47}},"5":{"start":{"line":8,"column":7},"end":{"line":214,"column":null}},"6":{"start":{"line":11,"column":21},"end":{"line":11,"column":41}},"7":{"start":{"line":14,"column":21},"end":{"line":14,"column":38}},"8":{"start":{"line":18,"column":4},"end":{"line":18,"column":66}},"9":{"start":{"line":22,"column":4},"end":{"line":22,"column":84}},"10":{"start":{"line":26,"column":4},"end":{"line":29,"column":7}},"11":{"start":{"line":34,"column":2},"end":{"line":36,"column":3}},"12":{"start":{"line":35,"column":4},"end":{"line":35,"column":77}},"13":{"start":{"line":38,"column":2},"end":{"line":40,"column":3}},"14":{"start":{"line":39,"column":4},"end":{"line":39,"column":78}},"15":{"start":{"line":42,"column":2},"end":{"line":44,"column":3}},"16":{"start":{"line":43,"column":4},"end":{"line":43,"column":76}},"17":{"start":{"line":46,"column":26},"end":{"line":46,"column":50}},"18":{"start":{"line":47,"column":2},"end":{"line":49,"column":3}},"19":{"start":{"line":48,"column":4},"end":{"line":48,"column":68}},"20":{"start":{"line":51,"column":19},"end":{"line":51,"column":41}},"21":{"start":{"line":52,"column":14},"end":{"line":52,"column":24}},"22":{"start":{"line":54,"column":2},"end":{"line":56,"column":3}},"23":{"start":{"line":55,"column":4},"end":{"line":55,"column":81}},"24":{"start":{"line":58,"column":2},"end":{"line":60,"column":3}},"25":{"start":{"line":59,"column":4},"end":{"line":59,"column":72}},"26":{"start":{"line":63,"column":16},"end":{"line":63,"column":83}},"27":{"start":{"line":64,"column":2},"end":{"line":66,"column":3}},"28":{"start":{"line":65,"column":4},"end":{"line":65,"column":77}},"29":{"start":{"line":69,"column":24},"end":{"line":69,"column":124}},"30":{"start":{"line":70,"column":2},"end":{"line":72,"column":3}},"31":{"start":{"line":71,"column":4},"end":{"line":71,"column":66}},"32":{"start":{"line":74,"column":2},"end":{"line":76,"column":3}},"33":{"start":{"line":75,"column":4},"end":{"line":75,"column":77}},"34":{"start":{"line":79,"column":20},"end":{"line":79,"column":87}},"35":{"start":{"line":80,"column":2},"end":{"line":82,"column":3}},"36":{"start":{"line":81,"column":4},"end":{"line":81,"column":93}},"37":{"start":{"line":85,"column":19},"end":{"line":91,"column":4}},"38":{"start":{"line":93,"column":16},"end":{"line":93,"column":60}},"39":{"start":{"line":95,"column":2},"end":{"line":102,"column":4}},"40":{"start":{"line":106,"column":19},"end":{"line":106,"column":97}},"41":{"start":{"line":107,"column":2},"end":{"line":109,"column":3}},"42":{"start":{"line":108,"column":4},"end":{"line":108,"column":70}},"43":{"start":{"line":111,"column":26},"end":{"line":111,"column":28}},"44":{"start":{"line":114,"column":18},"end":{"line":114,"column":50}},"45":{"start":{"line":115,"column":2},"end":{"line":117,"column":3}},"46":{"start":{"line":116,"column":4},"end":{"line":116,"column":77}},"47":{"start":{"line":120,"column":2},"end":{"line":122,"column":3}},"48":{"start":{"line":121,"column":4},"end":{"line":121,"column":78}},"49":{"start":{"line":125,"column":14},"end":{"line":125,"column":28}},"50":{"start":{"line":126,"column":2},"end":{"line":137,"column":3}},"51":{"start":{"line":127,"column":4},"end":{"line":129,"column":5}},"52":{"start":{"line":128,"column":6},"end":{"line":128,"column":78}},"53":{"start":{"line":131,"column":4},"end":{"line":131,"column":80}},"54":{"start":{"line":132,"column":4},"end":{"line":134,"column":5}},"55":{"start":{"line":133,"column":6},"end":{"line":133,"column":79}},"56":{"start":{"line":136,"column":4},"end":{"line":136,"column":44}},"57":{"start":{"line":140,"column":20},"end":{"line":140,"column":82}},"58":{"start":{"line":141,"column":2},"end":{"line":156,"column":3}},"59":{"start":{"line":142,"column":4},"end":{"line":144,"column":5}},"60":{"start":{"line":143,"column":6},"end":{"line":143,"column":70}},"61":{"start":{"line":146,"column":21},"end":{"line":146,"column":43}},"62":{"start":{"line":147,"column":16},"end":{"line":147,"column":26}},"63":{"start":{"line":149,"column":4},"end":{"line":151,"column":5}},"64":{"start":{"line":150,"column":6},"end":{"line":150,"column":83}},"65":{"start":{"line":153,"column":4},"end":{"line":155,"column":5}},"66":{"start":{"line":154,"column":6},"end":{"line":154,"column":74}},"67":{"start":{"line":159,"column":18},"end":{"line":161,"column":60}},"68":{"start":{"line":163,"column":2},"end":{"line":165,"column":3}},"69":{"start":{"line":164,"column":4},"end":{"line":164,"column":66}},"70":{"start":{"line":167,"column":2},"end":{"line":169,"column":3}},"71":{"start":{"line":168,"column":4},"end":{"line":168,"column":77}},"72":{"start":{"line":172,"column":20},"end":{"line":172,"column":74}},"73":{"start":{"line":173,"column":2},"end":{"line":175,"column":3}},"74":{"start":{"line":174,"column":4},"end":{"line":174,"column":96}},"75":{"start":{"line":178,"column":2},"end":{"line":178,"column":31}},"76":{"start":{"line":179,"column":2},"end":{"line":179,"column":50}},"77":{"start":{"line":180,"column":2},"end":{"line":180,"column":35}},"78":{"start":{"line":181,"column":2},"end":{"line":181,"column":31}},"79":{"start":{"line":183,"column":2},"end":{"line":183,"column":55}},"80":{"start":{"line":184,"column":2},"end":{"line":184,"column":27}},"81":{"start":{"line":189,"column":4},"end":{"line":189,"column":45}},"82":{"start":{"line":198,"column":18},"end":{"line":204,"column":8}},"83":{"start":{"line":206,"column":4},"end":{"line":208,"column":5}},"84":{"start":{"line":207,"column":6},"end":{"line":207,"column":60}},"85":{"start":{"line":210,"column":18},"end":{"line":210,"column":40}},"86":{"start":{"line":211,"column":4},"end":{"line":211,"column":21}},"87":{"start":{"line":8,"column":13},"end":{"line":8,"column":29}},"88":{"start":{"line":8,"column":13},"end":{"line":214,"column":null}}},"fnMap":{"0":{"name":"(anonymous_4)","decl":{"start":{"line":9,"column":2},"end":{"line":9,"column":null}},"loc":{"start":{"line":14,"column":55},"end":{"line":15,"column":6}}},"1":{"name":"(anonymous_5)","decl":{"start":{"line":17,"column":2},"end":{"line":17,"column":7}},"loc":{"start":{"line":17,"column":15},"end":{"line":19,"column":3}}},"2":{"name":"(anonymous_6)","decl":{"start":{"line":21,"column":2},"end":{"line":21,"column":7}},"loc":{"start":{"line":21,"column":27},"end":{"line":23,"column":3}}},"3":{"name":"(anonymous_7)","decl":{"start":{"line":25,"column":2},"end":{"line":25,"column":7}},"loc":{"start":{"line":25,"column":41},"end":{"line":30,"column":3}}},"4":{"name":"(anonymous_8)","decl":{"start":{"line":32,"column":0},"end":{"line":32,"column":5}},"loc":{"start":{"line":32,"column":36},"end":{"line":103,"column":1}}},"5":{"name":"(anonymous_9)","decl":{"start":{"line":105,"column":0},"end":{"line":105,"column":5}},"loc":{"start":{"line":105,"column":48},"end":{"line":185,"column":1}}},"6":{"name":"(anonymous_10)","decl":{"start":{"line":188,"column":2},"end":{"line":188,"column":7}},"loc":{"start":{"line":188,"column":25},"end":{"line":190,"column":3}}},"7":{"name":"(anonymous_11)","decl":{"start":{"line":192,"column":10},"end":{"line":192,"column":15}},"loc":{"start":{"line":196,"column":17},"end":{"line":212,"column":3}}}},"branchMap":{"0":{"loc":{"start":{"line":34,"column":2},"end":{"line":36,"column":3}},"type":"if","locations":[{"start":{"line":34,"column":2},"end":{"line":36,"column":3}}]},"1":{"loc":{"start":{"line":34,"column":6},"end":{"line":34,"column":79}},"type":"binary-expr","locations":[{"start":{"line":34,"column":6},"end":{"line":34,"column":19}},{"start":{"line":34,"column":23},"end":{"line":34,"column":55}},{"start":{"line":34,"column":59},"end":{"line":34,"column":79}}]},"2":{"loc":{"start":{"line":38,"column":2},"end":{"line":40,"column":3}},"type":"if","locations":[{"start":{"line":38,"column":2},"end":{"line":40,"column":3}}]},"3":{"loc":{"start":{"line":42,"column":2},"end":{"line":44,"column":3}},"type":"if","locations":[{"start":{"line":42,"column":2},"end":{"line":44,"column":3}}]},"4":{"loc":{"start":{"line":42,"column":6},"end":{"line":42,"column":76}},"type":"binary-expr","locations":[{"start":{"line":42,"column":6},"end":{"line":42,"column":19}},{"start":{"line":42,"column":23},"end":{"line":42,"column":55}},{"start":{"line":42,"column":59},"end":{"line":42,"column":76}}]},"5":{"loc":{"start":{"line":47,"column":2},"end":{"line":49,"column":3}},"type":"if","locations":[{"start":{"line":47,"column":2},"end":{"line":49,"column":3}}]},"6":{"loc":{"start":{"line":54,"column":2},"end":{"line":56,"column":3}},"type":"if","locations":[{"start":{"line":54,"column":2},"end":{"line":56,"column":3}}]},"7":{"loc":{"start":{"line":58,"column":2},"end":{"line":60,"column":3}},"type":"if","locations":[{"start":{"line":58,"column":2},"end":{"line":60,"column":3}}]},"8":{"loc":{"start":{"line":64,"column":2},"end":{"line":66,"column":3}},"type":"if","locations":[{"start":{"line":64,"column":2},"end":{"line":66,"column":3}}]},"9":{"loc":{"start":{"line":69,"column":24},"end":{"line":69,"column":124}},"type":"cond-expr","locations":[{"start":{"line":69,"column":39},"end":{"line":69,"column":61}},{"start":{"line":69,"column":64},"end":{"line":69,"column":124}}]},"10":{"loc":{"start":{"line":70,"column":2},"end":{"line":72,"column":3}},"type":"if","locations":[{"start":{"line":70,"column":2},"end":{"line":72,"column":3}}]},"11":{"loc":{"start":{"line":74,"column":2},"end":{"line":76,"column":3}},"type":"if","locations":[{"start":{"line":74,"column":2},"end":{"line":76,"column":3}}]},"12":{"loc":{"start":{"line":80,"column":2},"end":{"line":82,"column":3}},"type":"if","locations":[{"start":{"line":80,"column":2},"end":{"line":82,"column":3}}]},"13":{"loc":{"start":{"line":107,"column":2},"end":{"line":109,"column":3}},"type":"if","locations":[{"start":{"line":107,"column":2},"end":{"line":109,"column":3}}]},"14":{"loc":{"start":{"line":114,"column":18},"end":{"line":114,"column":50}},"type":"binary-expr","locations":[{"start":{"line":114,"column":18},"end":{"line":114,"column":30}},{"start":{"line":114,"column":34},"end":{"line":114,"column":50}}]},"15":{"loc":{"start":{"line":115,"column":2},"end":{"line":117,"column":3}},"type":"if","locations":[{"start":{"line":115,"column":2},"end":{"line":117,"column":3}}]},"16":{"loc":{"start":{"line":115,"column":6},"end":{"line":115,"column":94}},"type":"binary-expr","locations":[{"start":{"line":115,"column":6},"end":{"line":115,"column":32}},{"start":{"line":115,"column":37},"end":{"line":115,"column":57}},{"start":{"line":115,"column":61},"end":{"line":115,"column":93}}]},"17":{"loc":{"start":{"line":120,"column":2},"end":{"line":122,"column":3}},"type":"if","locations":[{"start":{"line":120,"column":2},"end":{"line":122,"column":3}}]},"18":{"loc":{"start":{"line":120,"column":6},"end":{"line":120,"column":57}},"type":"binary-expr","locations":[{"start":{"line":120,"column":6},"end":{"line":120,"column":30}},{"start":{"line":120,"column":34},"end":{"line":120,"column":57}}]},"19":{"loc":{"start":{"line":126,"column":2},"end":{"line":137,"column":3}},"type":"if","locations":[{"start":{"line":126,"column":2},"end":{"line":137,"column":3}}]},"20":{"loc":{"start":{"line":126,"column":6},"end":{"line":126,"column":70}},"type":"binary-expr","locations":[{"start":{"line":126,"column":6},"end":{"line":126,"column":32}},{"start":{"line":126,"column":36},"end":{"line":126,"column":70}}]},"21":{"loc":{"start":{"line":127,"column":4},"end":{"line":129,"column":5}},"type":"if","locations":[{"start":{"line":127,"column":4},"end":{"line":129,"column":5}}]},"22":{"loc":{"start":{"line":132,"column":4},"end":{"line":134,"column":5}},"type":"if","locations":[{"start":{"line":132,"column":4},"end":{"line":134,"column":5}}]},"23":{"loc":{"start":{"line":140,"column":20},"end":{"line":140,"column":82}},"type":"cond-expr","locations":[{"start":{"line":140,"column":37},"end":{"line":140,"column":61}},{"start":{"line":140,"column":64},"end":{"line":140,"column":82}}]},"24":{"loc":{"start":{"line":141,"column":2},"end":{"line":156,"column":3}},"type":"if","locations":[{"start":{"line":141,"column":2},"end":{"line":156,"column":3}}]},"25":{"loc":{"start":{"line":142,"column":4},"end":{"line":144,"column":5}},"type":"if","locations":[{"start":{"line":142,"column":4},"end":{"line":144,"column":5}}]},"26":{"loc":{"start":{"line":149,"column":4},"end":{"line":151,"column":5}},"type":"if","locations":[{"start":{"line":149,"column":4},"end":{"line":151,"column":5}}]},"27":{"loc":{"start":{"line":153,"column":4},"end":{"line":155,"column":5}},"type":"if","locations":[{"start":{"line":153,"column":4},"end":{"line":155,"column":5}}]},"28":{"loc":{"start":{"line":159,"column":18},"end":{"line":161,"column":60}},"type":"cond-expr","locations":[{"start":{"line":160,"column":6},"end":{"line":160,"column":28}},{"start":{"line":161,"column":6},"end":{"line":161,"column":60}}]},"29":{"loc":{"start":{"line":163,"column":2},"end":{"line":165,"column":3}},"type":"if","locations":[{"start":{"line":163,"column":2},"end":{"line":165,"column":3}}]},"30":{"loc":{"start":{"line":163,"column":6},"end":{"line":163,"column":60}},"type":"binary-expr","locations":[{"start":{"line":163,"column":6},"end":{"line":163,"column":32}},{"start":{"line":163,"column":36},"end":{"line":163,"column":60}}]},"31":{"loc":{"start":{"line":167,"column":2},"end":{"line":169,"column":3}},"type":"if","locations":[{"start":{"line":167,"column":2},"end":{"line":169,"column":3}}]},"32":{"loc":{"start":{"line":173,"column":2},"end":{"line":175,"column":3}},"type":"if","locations":[{"start":{"line":173,"column":2},"end":{"line":175,"column":3}}]},"33":{"loc":{"start":{"line":179,"column":21},"end":{"line":179,"column":49}},"type":"binary-expr","locations":[{"start":{"line":179,"column":21},"end":{"line":179,"column":31}},{"start":{"line":179,"column":35},"end":{"line":179,"column":49}}]},"34":{"loc":{"start":{"line":206,"column":4},"end":{"line":208,"column":5}},"type":"if","locations":[{"start":{"line":206,"column":4},"end":{"line":208,"column":5}}]}},"s":{"0":4,"1":4,"2":4,"3":4,"4":4,"5":4,"6":8,"7":8,"8":0,"9":1,"10":0,"11":3,"12":0,"13":3,"14":0,"15":3,"16":0,"17":3,"18":3,"19":0,"20":3,"21":3,"22":3,"23":0,"24":3,"25":0,"26":3,"27":3,"28":1,"29":2,"30":2,"31":0,"32":2,"33":0,"34":2,"35":2,"36":1,"37":1,"38":1,"39":1,"40":3,"41":3,"42":1,"43":2,"44":2,"45":2,"46":0,"47":2,"48":0,"49":2,"50":2,"51":1,"52":0,"53":1,"54":1,"55":1,"56":0,"57":1,"58":1,"59":1,"60":0,"61":1,"62":1,"63":1,"64":0,"65":1,"66":0,"67":1,"68":1,"69":0,"70":1,"71":0,"72":1,"73":1,"74":0,"75":1,"76":1,"77":1,"78":1,"79":1,"80":1,"81":1,"82":3,"83":3,"84":1,"85":3,"86":3,"87":4,"88":4},"f":{"0":8,"1":0,"2":1,"3":0,"4":3,"5":3,"6":1,"7":3},"b":{"0":[0],"1":[3,3,3],"2":[0],"3":[0],"4":[3,3,3],"5":[0],"6":[0],"7":[0],"8":[1],"9":[0,2],"10":[0],"11":[0],"12":[1],"13":[1],"14":[2,0],"15":[0],"16":[2,2,2],"17":[0],"18":[2,2],"19":[1],"20":[2,2],"21":[0],"22":[1],"23":[1,0],"24":[1],"25":[0],"26":[0],"27":[0],"28":[0,1],"29":[0],"30":[1,0],"31":[0],"32":[0],"33":[1,0],"34":[1]}}
}
