TN:
SF:src\app.controller.ts
FN:6,(anonymous_2)
FN:9,(anonymous_3)
FNF:2
FNH:2
FNDA:2,(anonymous_2)
FNDA:1,(anonymous_3)
DA:1,3
DA:2,3
DA:5,3
DA:6,2
DA:9,3
DA:10,1
LF:6
LH:6
BRF:0
BRH:0
end_of_record
TN:
SF:src\app.module.ts
FNF:0
FNH:0
DA:1,2
DA:2,2
DA:3,2
DA:4,2
DA:5,2
DA:6,2
DA:7,2
DA:8,2
DA:9,2
DA:32,2
LF:10
LH:10
BRF:0
BRH:0
end_of_record
TN:
SF:src\app.service.ts
FN:5,(anonymous_1)
FNF:1
FNH:1
FNDA:2,(anonymous_1)
DA:1,4
DA:4,4
DA:6,2
LF:3
LH:3
BRF:0
BRH:0
end_of_record
TN:
SF:src\main.ts
FN:4,bootstrap
FNF:1
FNH:1
FNDA:1,bootstrap
DA:1,1
DA:2,1
DA:5,1
DA:7,1
DA:12,1
DA:13,1
DA:15,1
LF:7
LH:7
BRF:0
BRH:0
end_of_record
TN:
SF:src\bookings\booking.entity.ts
FN:18,(anonymous_2)
FNF:1
FNH:1
FNDA:1,(anonymous_2)
DA:1,4
DA:2,4
DA:5,4
DA:7,4
DA:10,4
DA:13,4
DA:16,4
DA:18,1
DA:20,4
LF:9
LH:9
BRF:0
BRH:0
end_of_record
TN:
SF:src\bookings\bookings.controller.ts
FN:6,(anonymous_4)
FN:9,(anonymous_5)
FNF:2
FNH:2
FNDA:6,(anonymous_4)
FNDA:4,(anonymous_5)
DA:1,3
DA:2,3
DA:5,3
DA:6,6
DA:9,3
DA:12,4
DA:14,4
DA:15,1
DA:18,3
DA:19,1
DA:22,2
DA:23,1
DA:26,1
LF:13
LH:13
BRDA:14,0,0,1
BRDA:14,1,0,4
BRDA:14,1,1,3
BRDA:14,1,2,3
BRDA:18,2,0,1
BRDA:18,3,0,3
BRDA:18,3,1,3
BRDA:18,3,2,2
BRDA:22,4,0,1
BRDA:22,5,0,2
BRDA:22,5,1,2
BRDA:22,5,2,2
BRF:12
BRH:12
end_of_record
TN:
SF:src\bookings\bookings.module.ts
FNF:0
FNH:0
DA:1,2
DA:2,2
DA:3,2
DA:4,2
DA:5,2
DA:6,2
DA:13,2
LF:7
LH:7
BRF:0
BRH:0
end_of_record
TN:
SF:src\bookings\bookings.service.ts
FN:9,(anonymous_4)
FN:17,(anonymous_5)
FNF:2
FNH:2
FNDA:5,(anonymous_4)
FNDA:4,(anonymous_5)
DA:1,4
DA:2,4
DA:3,4
DA:4,4
DA:5,4
DA:8,4
DA:11,5
DA:14,5
DA:18,4
DA:21,4
DA:22,1
DA:26,3
DA:27,3
DA:30,2
DA:34,2
DA:35,1
DA:39,1
DA:40,1
DA:42,1
LF:19
LH:19
BRDA:21,0,0,1
BRDA:21,1,0,4
BRDA:21,1,1,4
BRDA:27,2,0,1
BRDA:34,3,0,1
BRF:5
BRH:5
end_of_record
TN:
SF:src\movies\movie.entity.ts
FNF:0
FNH:0
DA:1,8
DA:4,8
DA:6,8
DA:9,8
DA:12,8
DA:15,8
DA:18,8
DA:21,8
LF:8
LH:8
BRF:0
BRH:0
end_of_record
TN:
SF:src\movies\movies.controller.ts
FN:17,(anonymous_4)
FN:20,(anonymous_5)
FN:25,(anonymous_6)
FN:57,(anonymous_7)
FN:96,(anonymous_8)
FN:104,(anonymous_9)
FNF:6
FNH:6
FNDA:23,(anonymous_4)
FNDA:1,(anonymous_5)
FNDA:14,(anonymous_6)
FNDA:2,(anonymous_7)
FNDA:2,(anonymous_8)
FNDA:2,(anonymous_9)
DA:1,3
DA:12,3
DA:16,3
DA:17,23
DA:20,3
DA:21,1
DA:25,3
DA:26,14
DA:27,1
DA:28,13
DA:29,1
DA:30,12
DA:31,1
DA:32,11
DA:33,1
DA:34,10
DA:35,1
DA:37,9
DA:38,1
DA:39,8
DA:40,1
DA:41,7
DA:42,1
DA:44,6
DA:45,1
DA:46,5
DA:47,2
DA:48,3
DA:49,1
DA:50,2
DA:51,1
DA:53,1
DA:57,3
DA:61,2
DA:62,0
DA:63,2
DA:64,0
DA:65,2
DA:66,0
DA:67,2
DA:68,0
DA:69,2
DA:70,0
DA:72,2
DA:73,0
DA:74,2
DA:75,0
DA:76,2
DA:77,0
DA:79,2
DA:80,0
DA:81,2
DA:82,0
DA:83,2
DA:84,0
DA:85,2
DA:86,0
DA:88,2
DA:89,2
DA:91,1
DA:92,1
DA:96,3
DA:97,2
DA:98,2
DA:100,1
DA:104,3
DA:105,2
DA:106,2
DA:107,1
LF:69
LH:57
BRDA:26,0,0,1
BRDA:26,1,0,14
BRDA:26,1,1,13
BRDA:28,2,0,1
BRDA:28,3,0,13
BRDA:28,3,1,12
BRDA:30,4,0,1
BRDA:30,5,0,12
BRDA:30,5,1,11
BRDA:32,6,0,1
BRDA:32,7,0,11
BRDA:32,7,1,10
BRDA:34,8,0,1
BRDA:34,9,0,10
BRDA:34,9,1,9
BRDA:37,10,0,1
BRDA:39,11,0,1
BRDA:41,12,0,1
BRDA:44,13,0,1
BRDA:46,14,0,2
BRDA:46,15,0,5
BRDA:46,15,1,4
BRDA:48,16,0,1
BRDA:50,17,0,1
BRDA:61,18,0,0
BRDA:61,19,0,2
BRDA:61,19,1,2
BRDA:63,20,0,0
BRDA:63,21,0,2
BRDA:63,21,1,2
BRDA:65,22,0,0
BRDA:65,23,0,2
BRDA:65,23,1,2
BRDA:67,24,0,0
BRDA:67,25,0,2
BRDA:67,25,1,2
BRDA:69,26,0,0
BRDA:69,27,0,2
BRDA:69,27,1,2
BRDA:72,28,0,0
BRDA:74,29,0,0
BRDA:76,30,0,0
BRDA:79,31,0,0
BRDA:81,32,0,0
BRDA:81,33,0,2
BRDA:81,33,1,2
BRDA:83,34,0,0
BRDA:85,35,0,0
BRDA:89,36,0,1
BRDA:98,37,0,1
BRDA:106,38,0,1
BRF:51
BRH:39
end_of_record
TN:
SF:src\movies\movies.module.ts
FNF:0
FNH:0
DA:1,2
DA:2,2
DA:3,2
DA:4,2
DA:5,2
DA:13,2
LF:6
LH:6
BRF:0
BRH:0
end_of_record
TN:
SF:src\movies\movies.service.ts
FN:8,(anonymous_4)
FN:13,(anonymous_5)
FN:17,(anonymous_6)
FN:21,(anonymous_7)
FN:25,(anonymous_8)
FN:37,(anonymous_9)
FN:51,(anonymous_10)
FN:55,(anonymous_11)
FNF:8
FNH:8
FNDA:10,(anonymous_4)
FNDA:1,(anonymous_5)
FNDA:2,(anonymous_6)
FNDA:3,(anonymous_7)
FNDA:2,(anonymous_8)
FNDA:2,(anonymous_9)
FNDA:1,(anonymous_10)
FNDA:4,(anonymous_11)
DA:1,5
DA:2,5
DA:3,5
DA:4,5
DA:7,5
DA:10,10
DA:14,1
DA:18,2
DA:22,3
DA:26,2
DA:28,1
DA:29,1
DA:30,0
DA:33,1
DA:38,2
DA:40,1
DA:41,1
DA:42,1
DA:43,0
DA:47,1
DA:52,1
DA:56,4
DA:58,4
DA:59,2
DA:61,2
DA:62,0
DA:64,2
DA:65,0
DA:67,2
DA:68,2
DA:69,0
LF:31
LH:26
BRDA:29,0,0,0
BRDA:40,1,0,1
BRDA:42,2,0,0
BRDA:42,3,0,1
BRDA:42,3,1,0
BRDA:58,4,0,2
BRDA:58,5,0,4
BRDA:58,5,1,4
BRDA:58,5,2,2
BRDA:61,6,0,0
BRDA:61,7,0,2
BRDA:61,7,1,2
BRDA:64,8,0,0
BRDA:64,9,0,2
BRDA:64,9,1,2
BRDA:64,9,2,2
BRDA:68,10,0,0
BRDA:68,11,0,2
BRDA:68,11,1,2
BRF:19
BRH:13
end_of_record
TN:
SF:src\showtimes\showtime.entity.ts
FN:11,(anonymous_2)
FN:12,(anonymous_3)
FN:21,(anonymous_4)
FNF:3
FNH:1
FNDA:0,(anonymous_2)
FNDA:0,(anonymous_3)
FNDA:1,(anonymous_4)
DA:1,6
DA:2,6
DA:5,6
DA:7,6
DA:11,0
DA:12,0
DA:15,6
DA:19,6
DA:21,1
DA:23,6
DA:26,6
DA:29,6
DA:32,6
LF:13
LH:11
BRF:0
BRH:0
end_of_record
TN:
SF:src\showtimes\showtimes.controller.ts
FN:19,(anonymous_4)
FN:26,(anonymous_5)
FN:31,(anonymous_6)
FN:42,(anonymous_7)
FN:53,(anonymous_8)
FN:57,(anonymous_9)
FNF:6
FNH:6
FNDA:16,(anonymous_4)
FNDA:1,(anonymous_5)
FNDA:2,(anonymous_6)
FNDA:2,(anonymous_7)
FNDA:1,(anonymous_8)
FNDA:13,(anonymous_9)
DA:1,3
DA:13,3
DA:14,3
DA:18,3
DA:20,16
DA:21,16
DA:26,3
DA:27,1
DA:31,3
DA:32,2
DA:34,2
DA:35,2
DA:37,1
DA:42,3
DA:43,2
DA:45,2
DA:46,2
DA:48,1
DA:49,1
DA:53,3
DA:54,1
DA:58,13
DA:59,1
DA:60,12
DA:61,1
DA:62,11
DA:63,1
DA:64,10
DA:65,1
DA:67,9
DA:68,9
DA:69,1
DA:71,8
DA:72,8
DA:73,8
DA:74,1
DA:75,7
DA:76,1
DA:78,6
DA:79,1
DA:81,5
DA:82,1
LF:42
LH:42
BRDA:35,0,0,1
BRDA:46,1,0,1
BRDA:58,2,0,1
BRDA:60,3,0,1
BRDA:60,4,0,12
BRDA:60,4,1,11
BRDA:62,5,0,1
BRDA:64,6,0,1
BRDA:68,7,0,1
BRDA:73,8,0,1
BRDA:75,9,0,1
BRDA:78,10,0,1
BRDA:81,11,0,1
BRF:13
BRH:13
end_of_record
TN:
SF:src\showtimes\showtimes.module.ts
FNF:0
FNH:0
DA:1,2
DA:2,2
DA:3,2
DA:4,2
DA:5,2
DA:6,2
DA:7,2
DA:17,2
LF:8
LH:8
BRF:0
BRH:0
end_of_record
TN:
SF:src\showtimes\showtimes.service.ts
FN:9,(anonymous_4)
FN:17,(anonymous_5)
FN:21,(anonymous_6)
FN:25,(anonymous_7)
FN:32,(anonymous_8)
FN:105,(anonymous_9)
FN:188,(anonymous_10)
FN:192,(anonymous_11)
FNF:8
FNH:6
FNDA:8,(anonymous_4)
FNDA:0,(anonymous_5)
FNDA:1,(anonymous_6)
FNDA:0,(anonymous_7)
FNDA:3,(anonymous_8)
FNDA:3,(anonymous_9)
FNDA:1,(anonymous_10)
FNDA:3,(anonymous_11)
DA:1,4
DA:2,4
DA:3,4
DA:4,4
DA:5,4
DA:8,4
DA:11,8
DA:14,8
DA:18,0
DA:22,1
DA:26,0
DA:34,3
DA:35,0
DA:38,3
DA:39,0
DA:42,3
DA:43,0
DA:46,3
DA:47,3
DA:48,0
DA:51,3
DA:52,3
DA:54,3
DA:55,0
DA:58,3
DA:59,0
DA:63,3
DA:64,3
DA:65,1
DA:69,2
DA:70,2
DA:71,0
DA:74,2
DA:75,0
DA:79,2
DA:80,2
DA:81,1
DA:85,1
DA:93,1
DA:95,1
DA:106,3
DA:107,3
DA:108,1
DA:111,2
DA:114,2
DA:115,2
DA:116,0
DA:120,2
DA:121,0
DA:125,2
DA:126,2
DA:127,1
DA:128,0
DA:131,1
DA:132,1
DA:133,1
DA:136,0
DA:140,1
DA:141,1
DA:142,1
DA:143,0
DA:146,1
DA:147,1
DA:149,1
DA:150,0
DA:153,1
DA:154,0
DA:159,1
DA:163,1
DA:164,0
DA:167,1
DA:168,0
DA:172,1
DA:173,1
DA:174,0
DA:178,1
DA:179,1
DA:180,1
DA:181,1
DA:183,1
DA:184,1
DA:189,1
DA:198,3
DA:206,3
DA:207,1
DA:210,3
DA:211,3
LF:87
LH:67
BRDA:34,0,0,0
BRDA:34,1,0,3
BRDA:34,1,1,3
BRDA:34,1,2,3
BRDA:38,2,0,0
BRDA:42,3,0,0
BRDA:42,4,0,3
BRDA:42,4,1,3
BRDA:42,4,2,3
BRDA:47,5,0,0
BRDA:54,6,0,0
BRDA:58,7,0,0
BRDA:64,8,0,1
BRDA:69,9,0,0
BRDA:69,9,1,2
BRDA:70,10,0,0
BRDA:74,11,0,0
BRDA:80,12,0,1
BRDA:107,13,0,1
BRDA:114,14,0,2
BRDA:114,14,1,0
BRDA:115,15,0,0
BRDA:115,16,0,2
BRDA:115,16,1,2
BRDA:115,16,2,2
BRDA:120,17,0,0
BRDA:120,18,0,2
BRDA:120,18,1,2
BRDA:126,19,0,1
BRDA:126,20,0,2
BRDA:126,20,1,2
BRDA:127,21,0,0
BRDA:132,22,0,1
BRDA:140,23,0,1
BRDA:140,23,1,0
BRDA:141,24,0,1
BRDA:142,25,0,0
BRDA:149,26,0,0
BRDA:153,27,0,0
BRDA:159,28,0,0
BRDA:159,28,1,1
BRDA:163,29,0,0
BRDA:163,30,0,1
BRDA:163,30,1,0
BRDA:167,31,0,0
BRDA:173,32,0,0
BRDA:179,33,0,1
BRDA:179,33,1,0
BRDA:206,34,0,1
BRF:49
BRH:26
end_of_record
