TN:
SF:src\app.controller.ts
FN:6,(anonymous_2)
FN:9,(anonymous_3)
FNF:2
FNH:2
FNDA:2,(anonymous_2)
FNDA:1,(anonymous_3)
DA:1,3
DA:2,3
DA:5,3
DA:6,2
DA:9,3
DA:10,1
LF:6
LH:6
BRF:0
BRH:0
end_of_record
TN:
SF:src\app.module.ts
FNF:0
FNH:0
DA:1,2
DA:2,2
DA:3,2
DA:4,2
DA:5,2
DA:6,2
DA:7,2
DA:8,2
DA:9,2
DA:32,2
LF:10
LH:10
BRF:0
BRH:0
end_of_record
TN:
SF:src\app.service.ts
FN:5,(anonymous_1)
FNF:1
FNH:1
FNDA:2,(anonymous_1)
DA:1,4
DA:4,4
DA:6,2
LF:3
LH:3
BRF:0
BRH:0
end_of_record
TN:
SF:src\main.ts
FN:4,bootstrap
FNF:1
FNH:1
FNDA:1,bootstrap
DA:1,1
DA:2,1
DA:5,1
DA:7,1
DA:12,1
DA:13,1
DA:15,1
LF:7
LH:7
BRF:0
BRH:0
end_of_record
TN:
SF:src\bookings\booking.entity.ts
FN:18,(anonymous_2)
FNF:1
FNH:1
FNDA:1,(anonymous_2)
DA:1,4
DA:2,4
DA:5,4
DA:7,4
DA:10,4
DA:13,4
DA:16,4
DA:18,1
DA:20,4
LF:9
LH:9
BRF:0
BRH:0
end_of_record
TN:
SF:src\bookings\bookings.controller.ts
FN:6,(anonymous_4)
FN:9,(anonymous_5)
FNF:2
FNH:2
FNDA:6,(anonymous_4)
FNDA:4,(anonymous_5)
DA:1,3
DA:2,3
DA:5,3
DA:6,6
DA:9,3
DA:12,4
DA:14,4
DA:15,1
DA:18,3
DA:19,1
DA:22,2
DA:23,1
DA:26,1
LF:13
LH:13
BRDA:14,0,0,1
BRDA:14,1,0,4
BRDA:14,1,1,3
BRDA:14,1,2,3
BRDA:18,2,0,1
BRDA:18,3,0,3
BRDA:18,3,1,3
BRDA:18,3,2,2
BRDA:22,4,0,1
BRDA:22,5,0,2
BRDA:22,5,1,2
BRDA:22,5,2,2
BRF:12
BRH:12
end_of_record
TN:
SF:src\bookings\bookings.module.ts
FNF:0
FNH:0
DA:1,2
DA:2,2
DA:3,2
DA:4,2
DA:5,2
DA:6,2
DA:13,2
LF:7
LH:7
BRF:0
BRH:0
end_of_record
TN:
SF:src\bookings\bookings.service.ts
FN:9,(anonymous_4)
FN:17,(anonymous_5)
FNF:2
FNH:2
FNDA:5,(anonymous_4)
FNDA:4,(anonymous_5)
DA:1,4
DA:2,4
DA:3,4
DA:4,4
DA:5,4
DA:8,4
DA:11,5
DA:14,5
DA:18,4
DA:21,4
DA:22,1
DA:26,3
DA:27,3
DA:30,2
DA:34,2
DA:35,1
DA:39,1
DA:40,1
DA:42,1
LF:19
LH:19
BRDA:21,0,0,1
BRDA:21,1,0,4
BRDA:21,1,1,4
BRDA:27,2,0,1
BRDA:34,3,0,1
BRF:5
BRH:5
end_of_record
TN:
SF:src\movies\movie.entity.ts
FNF:0
FNH:0
DA:1,8
DA:4,8
DA:6,8
DA:9,8
DA:12,8
DA:15,8
DA:18,8
DA:21,8
LF:8
LH:8
BRF:0
BRH:0
end_of_record
TN:
SF:src\movies\movies.controller.ts
FN:17,(anonymous_4)
FN:20,(anonymous_5)
FN:25,(anonymous_6)
FN:32,(anonymous_7)
FN:47,(anonymous_8)
FN:55,(anonymous_9)
FN:60,(anonymous_10)
FNF:7
FNH:7
FNDA:23,(anonymous_4)
FNDA:1,(anonymous_5)
FNDA:14,(anonymous_6)
FNDA:2,(anonymous_7)
FNDA:2,(anonymous_8)
FNDA:2,(anonymous_9)
FNDA:16,(anonymous_10)
DA:1,3
DA:12,3
DA:16,3
DA:17,23
DA:20,3
DA:21,1
DA:25,3
DA:26,14
DA:28,1
DA:32,3
DA:37,2
DA:39,2
DA:40,2
DA:42,1
DA:43,1
DA:47,3
DA:48,2
DA:49,2
DA:51,1
DA:55,3
DA:56,2
DA:57,2
DA:58,1
DA:61,16
DA:64,16
DA:65,1
DA:66,15
DA:67,1
DA:68,14
DA:69,1
DA:70,13
DA:71,1
DA:72,12
DA:73,1
DA:76,11
DA:77,1
DA:78,10
DA:79,1
DA:80,9
DA:81,1
DA:84,8
DA:85,1
DA:86,7
DA:87,2
DA:88,5
DA:89,1
DA:90,4
DA:91,1
LF:48
LH:48
BRDA:40,0,0,1
BRDA:49,1,0,1
BRDA:57,2,0,1
BRDA:64,3,0,1
BRDA:64,4,0,16
BRDA:64,4,1,15
BRDA:66,5,0,1
BRDA:66,6,0,15
BRDA:66,6,1,14
BRDA:68,7,0,1
BRDA:68,8,0,14
BRDA:68,8,1,13
BRDA:70,9,0,1
BRDA:70,10,0,13
BRDA:70,10,1,12
BRDA:72,11,0,1
BRDA:72,12,0,12
BRDA:72,12,1,11
BRDA:76,13,0,1
BRDA:78,14,0,1
BRDA:80,15,0,1
BRDA:84,16,0,1
BRDA:86,17,0,2
BRDA:86,18,0,7
BRDA:86,18,1,6
BRDA:88,19,0,1
BRDA:90,20,0,1
BRF:27
BRH:27
end_of_record
TN:
SF:src\movies\movies.module.ts
FNF:0
FNH:0
DA:1,2
DA:2,2
DA:3,2
DA:4,2
DA:5,2
DA:13,2
LF:6
LH:6
BRF:0
BRH:0
end_of_record
TN:
SF:src\movies\movies.service.ts
FN:8,(anonymous_4)
FN:13,(anonymous_5)
FN:17,(anonymous_6)
FN:21,(anonymous_7)
FN:25,(anonymous_8)
FN:37,(anonymous_9)
FN:51,(anonymous_10)
FN:55,(anonymous_11)
FNF:8
FNH:8
FNDA:10,(anonymous_4)
FNDA:1,(anonymous_5)
FNDA:2,(anonymous_6)
FNDA:3,(anonymous_7)
FNDA:2,(anonymous_8)
FNDA:2,(anonymous_9)
FNDA:1,(anonymous_10)
FNDA:4,(anonymous_11)
DA:1,5
DA:2,5
DA:3,5
DA:4,5
DA:7,5
DA:10,10
DA:14,1
DA:18,2
DA:22,3
DA:26,2
DA:28,1
DA:29,1
DA:30,0
DA:33,1
DA:38,2
DA:40,1
DA:41,1
DA:42,1
DA:43,0
DA:47,1
DA:52,1
DA:56,4
DA:58,4
DA:59,2
DA:61,2
DA:62,0
DA:64,2
DA:65,2
DA:66,0
LF:29
LH:25
BRDA:29,0,0,0
BRDA:40,1,0,1
BRDA:42,2,0,0
BRDA:42,3,0,1
BRDA:42,3,1,0
BRDA:58,4,0,2
BRDA:61,5,0,0
BRDA:61,6,0,2
BRDA:61,6,1,2
BRDA:65,7,0,0
BRDA:65,8,0,2
BRDA:65,8,1,2
BRF:12
BRH:7
end_of_record
TN:
SF:src\showtimes\showtime.entity.ts
FN:11,(anonymous_2)
FN:12,(anonymous_3)
FN:21,(anonymous_4)
FNF:3
FNH:1
FNDA:0,(anonymous_2)
FNDA:0,(anonymous_3)
FNDA:1,(anonymous_4)
DA:1,6
DA:2,6
DA:5,6
DA:7,6
DA:11,0
DA:12,0
DA:15,6
DA:19,6
DA:21,1
DA:23,6
DA:26,6
DA:29,6
DA:32,6
LF:13
LH:11
BRF:0
BRH:0
end_of_record
TN:
SF:src\showtimes\showtimes.controller.ts
FN:17,(anonymous_4)
FN:24,(anonymous_5)
FN:29,(anonymous_6)
FN:40,(anonymous_7)
FN:51,(anonymous_8)
FN:55,(anonymous_9)
FNF:6
FNH:6
FNDA:16,(anonymous_4)
FNDA:1,(anonymous_5)
FNDA:2,(anonymous_6)
FNDA:2,(anonymous_7)
FNDA:1,(anonymous_8)
FNDA:13,(anonymous_9)
DA:1,3
DA:11,3
DA:12,3
DA:16,3
DA:18,16
DA:19,16
DA:24,3
DA:25,1
DA:29,3
DA:30,2
DA:32,2
DA:33,2
DA:35,1
DA:40,3
DA:41,2
DA:43,2
DA:44,2
DA:46,1
DA:47,1
DA:51,3
DA:52,1
DA:56,13
DA:57,0
DA:58,13
DA:59,1
DA:60,12
DA:61,0
DA:62,12
DA:63,1
DA:64,11
DA:65,11
DA:66,1
DA:68,10
DA:69,1
DA:70,9
DA:71,0
DA:72,9
DA:73,0
DA:76,9
DA:77,9
DA:78,9
DA:79,1
DA:80,8
DA:81,1
DA:83,7
DA:84,2
DA:86,5
DA:87,1
LF:48
LH:44
BRDA:33,0,0,1
BRDA:44,1,0,1
BRDA:56,2,0,0
BRDA:56,3,0,13
BRDA:56,3,1,13
BRDA:58,4,0,1
BRDA:58,5,0,13
BRDA:58,5,1,12
BRDA:60,6,0,0
BRDA:60,7,0,12
BRDA:60,7,1,12
BRDA:62,8,0,1
BRDA:65,9,0,1
BRDA:68,10,0,1
BRDA:70,11,0,0
BRDA:72,12,0,0
BRDA:78,13,0,1
BRDA:80,14,0,1
BRDA:83,15,0,2
BRDA:86,16,0,1
BRF:20
BRH:16
end_of_record
TN:
SF:src\showtimes\showtimes.module.ts
FNF:0
FNH:0
DA:1,2
DA:2,2
DA:3,2
DA:4,2
DA:5,2
DA:6,2
DA:7,2
DA:17,2
LF:8
LH:8
BRF:0
BRH:0
end_of_record
TN:
SF:src\showtimes\showtimes.service.ts
FN:9,(anonymous_4)
FN:17,(anonymous_5)
FN:21,(anonymous_6)
FN:25,(anonymous_7)
FN:41,(anonymous_8)
FN:48,(anonymous_9)
FN:121,(anonymous_10)
FN:204,(anonymous_11)
FN:208,(anonymous_12)
FNF:9
FNH:6
FNDA:8,(anonymous_4)
FNDA:0,(anonymous_5)
FNDA:1,(anonymous_6)
FNDA:0,(anonymous_7)
FNDA:0,(anonymous_8)
FNDA:3,(anonymous_9)
FNDA:3,(anonymous_10)
FNDA:1,(anonymous_11)
FNDA:3,(anonymous_12)
DA:1,4
DA:2,4
DA:3,4
DA:4,4
DA:5,4
DA:8,4
DA:11,8
DA:14,8
DA:18,0
DA:22,1
DA:26,0
DA:27,0
DA:28,0
DA:31,0
DA:42,0
DA:50,3
DA:51,0
DA:54,3
DA:55,0
DA:58,3
DA:59,0
DA:62,3
DA:63,3
DA:64,0
DA:67,3
DA:68,3
DA:70,3
DA:71,0
DA:74,3
DA:75,0
DA:79,3
DA:80,3
DA:81,1
DA:85,2
DA:86,2
DA:87,0
DA:90,2
DA:91,0
DA:95,2
DA:96,2
DA:97,1
DA:101,1
DA:109,1
DA:111,1
DA:122,3
DA:123,3
DA:124,1
DA:127,2
DA:130,2
DA:131,2
DA:132,0
DA:136,2
DA:137,0
DA:141,2
DA:142,2
DA:143,1
DA:144,0
DA:147,1
DA:148,1
DA:149,1
DA:152,0
DA:156,1
DA:157,1
DA:158,1
DA:159,0
DA:162,1
DA:163,1
DA:165,1
DA:166,0
DA:169,1
DA:170,0
DA:175,1
DA:179,1
DA:180,0
DA:183,1
DA:184,0
DA:188,1
DA:189,1
DA:190,0
DA:194,1
DA:195,1
DA:196,1
DA:197,1
DA:199,1
DA:200,1
DA:205,1
DA:214,3
DA:222,3
DA:223,1
DA:226,3
DA:227,3
LF:91
LH:67
BRDA:27,0,0,0
BRDA:50,1,0,0
BRDA:50,2,0,3
BRDA:50,2,1,3
BRDA:50,2,2,3
BRDA:54,3,0,0
BRDA:58,4,0,0
BRDA:58,5,0,3
BRDA:58,5,1,3
BRDA:58,5,2,3
BRDA:63,6,0,0
BRDA:70,7,0,0
BRDA:74,8,0,0
BRDA:80,9,0,1
BRDA:85,10,0,0
BRDA:85,10,1,2
BRDA:86,11,0,0
BRDA:90,12,0,0
BRDA:96,13,0,1
BRDA:123,14,0,1
BRDA:130,15,0,2
BRDA:130,15,1,0
BRDA:131,16,0,0
BRDA:131,17,0,2
BRDA:131,17,1,2
BRDA:131,17,2,2
BRDA:136,18,0,0
BRDA:136,19,0,2
BRDA:136,19,1,2
BRDA:142,20,0,1
BRDA:142,21,0,2
BRDA:142,21,1,2
BRDA:143,22,0,0
BRDA:148,23,0,1
BRDA:156,24,0,1
BRDA:156,24,1,0
BRDA:157,25,0,1
BRDA:158,26,0,0
BRDA:165,27,0,0
BRDA:169,28,0,0
BRDA:175,29,0,0
BRDA:175,29,1,1
BRDA:179,30,0,0
BRDA:179,31,0,1
BRDA:179,31,1,0
BRDA:183,32,0,0
BRDA:189,33,0,0
BRDA:195,34,0,1
BRDA:195,34,1,0
BRDA:222,35,0,1
BRF:50
BRH:26
end_of_record
